{"level":30,"time":"2024-03-10T18:40:53.873Z","msg":"Profile Service initialized"}
{"level":30,"time":"2024-03-10T18:40:54.000Z","msg":"preload complete"}
{"level":30,"time":"2024-03-10T18:40:54.000Z","msg":"@signalapp/libsignal-client Initializing libsignal version:0.40.0 signal_node::logging rust/bridge/node/src/logging.rs:133"}
{"level":30,"time":"2024-03-10T18:40:54.024Z","msg":"NotificationService initialized"}
{"level":30,"time":"2024-03-10T18:40:54.029Z","msg":"initializeMessageCounter: picking stored counter"}
{"level":30,"time":"2024-03-10T18:40:54.029Z","msg":"Our profile key service: initializing"}
{"level":30,"time":"2024-03-10T18:40:54.029Z","msg":"background page reloaded"}
{"level":30,"time":"2024-03-10T18:40:54.029Z","msg":"environment: production"}
{"level":30,"time":"2024-03-10T18:40:54.030Z","msg":"Checking for the existence of IndexedDB data..."}
{"level":30,"time":"2024-03-10T18:40:54.102Z","msg":"Storage fetch"}
{"level":40,"time":"2024-03-10T18:40:54.109Z","msg":"SocketManager authenticate was called without credentials"}
{"level":30,"time":"2024-03-10T18:40:54.112Z","msg":"Initializing MessageReceiver"}
{"level":30,"time":"2024-03-10T18:40:54.115Z","msg":"Sender certificate service initialized"}
{"level":30,"time":"2024-03-10T18:40:54.151Z","msg":"Starting background data migration. Target version: 11"}
{"level":30,"time":"2024-03-10T18:40:54.158Z","msg":"GET (WS) https://chat.signal.org/v1/config"}
{"level":30,"time":"2024-03-10T18:40:54.159Z","msg":"SocketManager: connecting unauthenticated socket"}
{"level":30,"time":"2024-03-10T18:40:54.165Z","msg":"RetryPlaceholders.constructor: Started with 0 items, lifespan of 3600000"}
{"level":30,"time":"2024-03-10T18:40:54.165Z","msg":"ConversationController: starting initial fetch"}
{"level":30,"time":"2024-03-10T18:40:54.166Z","msg":"ConversationController: done with initial fetch"}
{"level":30,"time":"2024-03-10T18:40:54.170Z","msg":"SignalProtocolStore: Finished caching identityKeys data"}
{"level":30,"time":"2024-03-10T18:40:54.171Z","msg":"SignalProtocolStore: Finished caching kyberPreKeys data"}
{"level":30,"time":"2024-03-10T18:40:54.171Z","msg":"SignalProtocolStore: Finished caching sessions data"}
{"level":30,"time":"2024-03-10T18:40:54.171Z","msg":"SignalProtocolStore: Finished caching preKeys data"}
{"level":30,"time":"2024-03-10T18:40:54.171Z","msg":"SignalProtocolStore: Finished caching senderKeys data"}
{"level":30,"time":"2024-03-10T18:40:54.171Z","msg":"SignalProtocolStore: Finished caching signedPreKeys data"}
{"level":30,"time":"2024-03-10T18:40:54.175Z","msg":"checkForConflicts: starting..."}
{"level":30,"time":"2024-03-10T18:40:54.175Z","msg":"checkForConflicts: complete!"}
{"level":30,"time":"2024-03-10T18:40:54.175Z","msg":"Storage/getItemsState: now preparing copy of items..."}
{"level":30,"time":"2024-03-10T18:40:54.178Z","msg":"conversation job queue: starting to stream jobs"}
{"level":30,"time":"2024-03-10T18:40:54.178Z","msg":"JobQueueDatabaseStore fetching existing jobs for queue \"conversation\""}
{"level":30,"time":"2024-03-10T18:40:54.178Z","msg":"single proto job queue: starting to stream jobs"}
{"level":30,"time":"2024-03-10T18:40:54.178Z","msg":"JobQueueDatabaseStore fetching existing jobs for queue \"single proto\""}
{"level":30,"time":"2024-03-10T18:40:54.178Z","msg":"read sync job queue: starting to stream jobs"}
{"level":30,"time":"2024-03-10T18:40:54.178Z","msg":"JobQueueDatabaseStore fetching existing jobs for queue \"read sync\""}
{"level":30,"time":"2024-03-10T18:40:54.178Z","msg":"view sync job queue: starting to stream jobs"}
{"level":30,"time":"2024-03-10T18:40:54.178Z","msg":"JobQueueDatabaseStore fetching existing jobs for queue \"view sync\""}
{"level":30,"time":"2024-03-10T18:40:54.178Z","msg":"view once open sync job queue: starting to stream jobs"}
{"level":30,"time":"2024-03-10T18:40:54.178Z","msg":"JobQueueDatabaseStore fetching existing jobs for queue \"view once open sync\""}
{"level":30,"time":"2024-03-10T18:40:54.179Z","msg":"remove storage key job queue: starting to stream jobs"}
{"level":30,"time":"2024-03-10T18:40:54.179Z","msg":"JobQueueDatabaseStore fetching existing jobs for queue \"remove storage key\""}
{"level":30,"time":"2024-03-10T18:40:54.179Z","msg":"report spam job queue: starting to stream jobs"}
{"level":30,"time":"2024-03-10T18:40:54.179Z","msg":"JobQueueDatabaseStore fetching existing jobs for queue \"report spam\""}
{"level":30,"time":"2024-03-10T18:40:54.179Z","msg":"challenge: loading 0 challenges"}
{"level":30,"time":"2024-03-10T18:40:54.179Z","msg":"Initializing network observer"}
{"level":30,"time":"2024-03-10T18:40:54.180Z","msg":"BadgeDownloader#checkForFilesToDownload: downloading 0 badge(s)"}
{"level":30,"time":"2024-03-10T18:40:54.180Z","msg":"Expiration start timestamp cleanup: starting..."}
{"level":30,"time":"2024-03-10T18:40:54.191Z","msg":"JobQueueDatabaseStore finished fetching existing 0 jobs for queue \"conversation\""}
{"level":30,"time":"2024-03-10T18:40:54.191Z","msg":"JobQueueDatabaseStore finished fetching existing 0 jobs for queue \"single proto\""}
{"level":30,"time":"2024-03-10T18:40:54.191Z","msg":"JobQueueDatabaseStore finished fetching existing 0 jobs for queue \"read sync\""}
{"level":30,"time":"2024-03-10T18:40:54.191Z","msg":"JobQueueDatabaseStore finished fetching existing 0 jobs for queue \"view sync\""}
{"level":30,"time":"2024-03-10T18:40:54.191Z","msg":"JobQueueDatabaseStore finished fetching existing 0 jobs for queue \"view once open sync\""}
{"level":30,"time":"2024-03-10T18:40:54.191Z","msg":"JobQueueDatabaseStore finished fetching existing 0 jobs for queue \"remove storage key\""}
{"level":30,"time":"2024-03-10T18:40:54.191Z","msg":"JobQueueDatabaseStore finished fetching existing 0 jobs for queue \"report spam\""}
{"level":30,"time":"2024-03-10T18:40:54.191Z","msg":"Expiration start timestamp cleanup: Found 0 messages for cleanup"}
{"level":30,"time":"2024-03-10T18:40:54.192Z","msg":"Expiration start timestamp cleanup: Cancelling update; we don't have our own UUID"}
{"level":30,"time":"2024-03-10T18:40:54.192Z","msg":"Expiration start timestamp cleanup: complete"}
{"level":30,"time":"2024-03-10T18:40:54.192Z","msg":"listening for registration events"}
{"level":30,"time":"2024-03-10T18:40:54.204Z","msg":"Build expires (local): 2024-06-05T01:52:27.000Z"}
{"level":30,"time":"2024-03-10T18:40:54.239Z","msg":"InstallScreen/getQRCode: race to 10000ms"}
{"level":30,"time":"2024-03-10T18:40:54.437Z","msg":"createHTTPSAgent.createConnection(chat.signal.org): connected to IPv4 addr after 257ms (attempts v4=1 v6=0)"}
{"level":30,"time":"2024-03-10T18:40:54.467Z","msg":"createHTTPSAgent.createConnection(chat.signal.org): connected to IPv4 addr after 225ms (attempts v4=1 v6=0)"}
{"level":30,"time":"2024-03-10T18:40:54.550Z","msg":"SocketManager: connected unauthenticated socket (localPort: 58216)"}
{"level":30,"time":"2024-03-10T18:40:54.550Z","msg":"SocketManager: starting expiration timer for unauthenticated socket"}
{"level":30,"time":"2024-03-10T18:40:54.575Z","msg":"provisioning socket open"}
{"level":50,"time":"2024-03-10T18:40:54.660Z","msg":"Got 401 from Signal Server. We might be unlinked."}
{"level":50,"time":"2024-03-10T18:40:54.661Z","msg":"GET (WS) https://chat.signal.org/v1/config 401 Error"}
{"level":50,"time":"2024-03-10T18:40:54.661Z","msg":"Top-level unhandled promise rejection: HTTPError: promiseAjax: error response; code: 401\n    at makeHTTPError ([REDACTED]/resources/app.asar/preload.bundle.js:88:951)\n    at _promiseAjax ([REDACTED]/resources/app.asar/preload.bundle.js:88:111)\n    at process.processTicksAndRejections (node:internal/process/task_queues:95:5)\n    at async _retryAjax ([REDACTED]/resources/app.asar/preload.bundle.js:88:696)\n    at async L ([REDACTED]/resources/app.asar/preload.bundle.js:88:6071)\n    at async Object.me [as getConfig] ([REDACTED]/resources/app.asar/preload.bundle.js:88:7111)\n    at async refreshRemoteConfig ([REDACTED]/resources/app.asar/preload.bundle.js:64:7495)\n    at async Object.initRemoteConfig ([REDACTED]/resources/app.asar/preload.bundle.js:64:6388)\nOriginal stack:\nError\n    at _outerAjax ([REDACTED]/resources/app.asar/preload.bundle.js:88:867)\n    at L ([REDACTED]/resources/app.asar/preload.bundle.js:88:6077)\n    at Object.me [as getConfig] ([REDACTED]/resources/app.asar/preload.bundle.js:88:7117)\n    at refreshRemoteConfig ([REDACTED]/resources/app.asar/preload.bundle.js:64:7503)\n    at invokeFunc ([REDACTED]/resources/app.asar/preload.bundle.js:3:14228)\n    at leadingEdge ([REDACTED]/resources/app.asar/preload.bundle.js:3:14307)\n    at debounced ([REDACTED]/resources/app.asar/preload.bundle.js:3:14888)\n    at Object.initRemoteConfig ([REDACTED]/resources/app.asar/preload.bundle.js:64:6394)\n    at [REDACTED]/resources/app.asar/preload.bundle.js:164:13775\nCaused by: undefined"}
{"level":30,"time":"2024-03-10T18:40:55.203Z","msg":"checkExpiringMessages: checking for expiring messages"}
{"level":30,"time":"2024-03-10T18:40:55.205Z","msg":"checkExpiringMessages: found no messages to expire"}
{"level":30,"time":"2024-03-10T18:40:59.655Z","msg":"Requesting close confirmation."}
{"level":30,"time":"2024-03-10T18:40:59.664Z","msg":"background/shutdown"}
{"level":30,"time":"2024-03-10T18:40:59.664Z","msg":"background/shutdown: shutting down messageReceiver"}
{"level":30,"time":"2024-03-10T18:40:59.664Z","msg":"MessageReceiver.stopProcessing"}
{"level":30,"time":"2024-03-10T18:40:59.664Z","msg":"batcher#waitForAllBatchers"}
{"level":30,"time":"2024-03-10T18:40:59.664Z","msg":"Flushing sql.Client.updateConversationBatcher batcher items.length=0"}
{"level":30,"time":"2024-03-10T18:40:59.664Z","msg":"Flushing complete sql.Client.updateConversationBatcher for batcher"}
{"level":30,"time":"2024-03-10T18:40:59.664Z","msg":"Flushing messageBatcher.updateMessageBatcher batcher items.length=0"}
{"level":30,"time":"2024-03-10T18:40:59.664Z","msg":"Flushing complete messageBatcher.updateMessageBatcher for batcher"}
{"level":30,"time":"2024-03-10T18:40:59.664Z","msg":"Flushing Whisper.deliveryReceiptBatcher batcher items.length=0"}
{"level":30,"time":"2024-03-10T18:40:59.664Z","msg":"Flushing complete Whisper.deliveryReceiptBatcher for batcher"}
{"level":30,"time":"2024-03-10T18:40:59.664Z","msg":"Flushing respondWithProfileKeyBatcher batcher items.length=0"}
{"level":30,"time":"2024-03-10T18:40:59.664Z","msg":"Flushing complete respondWithProfileKeyBatcher for batcher"}
{"level":30,"time":"2024-03-10T18:40:59.664Z","msg":"Flushing MessageReceiver.decryptAndCacheBatcher batcher items.length=0"}
{"level":30,"time":"2024-03-10T18:40:59.664Z","msg":"Flushing complete MessageReceiver.decryptAndCacheBatcher for batcher"}
{"level":30,"time":"2024-03-10T18:40:59.664Z","msg":"Flushing MessageReceiver.cacheRemoveBatcher batcher items.length=0"}
{"level":30,"time":"2024-03-10T18:40:59.664Z","msg":"Flushing complete MessageReceiver.cacheRemoveBatcher for batcher"}
{"level":30,"time":"2024-03-10T18:40:59.664Z","msg":"Flushing changedConvoBatcher batcher items.length=0"}
{"level":30,"time":"2024-03-10T18:40:59.664Z","msg":"Flushing complete changedConvoBatcher for batcher"}
{"level":30,"time":"2024-03-10T18:40:59.664Z","msg":"background/shutdown: flushing conversations"}
{"level":30,"time":"2024-03-10T18:40:59.664Z","msg":"Sleeper: shutting down, settling 0 in-progress sleep calls"}
{"level":30,"time":"2024-03-10T18:40:59.664Z","msg":"Sleeper: sleep tasks settled"}
{"level":30,"time":"2024-03-10T18:40:59.664Z","msg":"background/shutdown: shutting down queues"}
{"level":30,"time":"2024-03-10T18:40:59.664Z","msg":"StartupQueue: Waiting for 0 tasks to drain"}
{"level":30,"time":"2024-03-10T18:40:59.664Z","msg":"conversation job queue: shutdown: stop accepting new work and drain 0 promise queues"}
{"level":30,"time":"2024-03-10T18:40:59.664Z","msg":"single proto job queue: shutdown: stop accepting new work and drain 1 promise queues"}
{"level":30,"time":"2024-03-10T18:40:59.665Z","msg":"read sync job queue: shutdown: stop accepting new work and drain 1 promise queues"}
{"level":30,"time":"2024-03-10T18:40:59.665Z","msg":"view sync job queue: shutdown: stop accepting new work and drain 1 promise queues"}
{"level":30,"time":"2024-03-10T18:40:59.665Z","msg":"view once open sync job queue: shutdown: stop accepting new work and drain 1 promise queues"}
{"level":30,"time":"2024-03-10T18:40:59.665Z","msg":"remove storage key job queue: shutdown: stop accepting new work and drain 1 promise queues"}
{"level":30,"time":"2024-03-10T18:40:59.665Z","msg":"report spam job queue: shutdown: stop accepting new work and drain 1 promise queues"}
{"level":30,"time":"2024-03-10T18:40:59.665Z","msg":"conversation job queue: shutdown: complete"}
{"level":30,"time":"2024-03-10T18:40:59.665Z","msg":"single proto job queue: shutdown: complete"}
{"level":30,"time":"2024-03-10T18:40:59.665Z","msg":"read sync job queue: shutdown: complete"}
{"level":30,"time":"2024-03-10T18:40:59.665Z","msg":"view sync job queue: shutdown: complete"}
{"level":30,"time":"2024-03-10T18:40:59.665Z","msg":"view once open sync job queue: shutdown: complete"}
{"level":30,"time":"2024-03-10T18:40:59.665Z","msg":"remove storage key job queue: shutdown: complete"}
{"level":30,"time":"2024-03-10T18:40:59.665Z","msg":"report spam job queue: shutdown: complete"}
{"level":30,"time":"2024-03-10T18:40:59.665Z","msg":"background/shutdown: shutting down conversation queues"}
{"level":30,"time":"2024-03-10T18:40:59.665Z","msg":"conversation [REDACTED]111 ([REDACTED]c0d) jobQueue shutdown start"}
{"level":30,"time":"2024-03-10T18:40:59.665Z","msg":"conversation [REDACTED]111 ([REDACTED]c0d) no jobQueue to shutdown"}
{"level":30,"time":"2024-03-10T18:40:59.665Z","msg":"background/shutdown: all queues shutdown"}
{"level":30,"time":"2024-03-10T18:40:59.665Z","msg":"background/shutdown: waiting for all batchers"}
{"level":30,"time":"2024-03-10T18:40:59.665Z","msg":"batcher#waitForAllBatchers"}
{"level":30,"time":"2024-03-10T18:40:59.665Z","msg":"Flushing sql.Client.updateConversationBatcher batcher items.length=0"}
{"level":30,"time":"2024-03-10T18:40:59.665Z","msg":"Flushing complete sql.Client.updateConversationBatcher for batcher"}
{"level":30,"time":"2024-03-10T18:40:59.665Z","msg":"Flushing messageBatcher.updateMessageBatcher batcher items.length=0"}
{"level":30,"time":"2024-03-10T18:40:59.665Z","msg":"Flushing complete messageBatcher.updateMessageBatcher for batcher"}
{"level":30,"time":"2024-03-10T18:40:59.665Z","msg":"Flushing Whisper.deliveryReceiptBatcher batcher items.length=0"}
{"level":30,"time":"2024-03-10T18:40:59.665Z","msg":"Flushing complete Whisper.deliveryReceiptBatcher for batcher"}
{"level":30,"time":"2024-03-10T18:40:59.665Z","msg":"Flushing respondWithProfileKeyBatcher batcher items.length=0"}
{"level":30,"time":"2024-03-10T18:40:59.665Z","msg":"Flushing complete respondWithProfileKeyBatcher for batcher"}
{"level":30,"time":"2024-03-10T18:40:59.665Z","msg":"Flushing MessageReceiver.decryptAndCacheBatcher batcher items.length=0"}
{"level":30,"time":"2024-03-10T18:40:59.665Z","msg":"Flushing complete MessageReceiver.decryptAndCacheBatcher for batcher"}
{"level":30,"time":"2024-03-10T18:40:59.665Z","msg":"Flushing MessageReceiver.cacheRemoveBatcher batcher items.length=0"}
{"level":30,"time":"2024-03-10T18:40:59.665Z","msg":"Flushing complete MessageReceiver.cacheRemoveBatcher for batcher"}
{"level":30,"time":"2024-03-10T18:40:59.665Z","msg":"Flushing changedConvoBatcher batcher items.length=0"}
{"level":30,"time":"2024-03-10T18:40:59.665Z","msg":"Flushing complete changedConvoBatcher for batcher"}
{"level":30,"time":"2024-03-10T18:40:59.665Z","msg":"waitBatcher#waitForAllWaitBatchers"}
{"level":30,"time":"2024-03-10T18:40:59.665Z","msg":"background/shutdown: closing the database"}
{"level":30,"time":"2024-03-10T18:40:59.665Z","msg":"Client.shutdown"}
{"level":30,"time":"2024-03-10T18:40:59.665Z","msg":"data.shutdown: shutdown requested. 0 jobs outstanding"}
{"level":30,"time":"2024-03-10T18:40:59.691Z","msg":"NotificationService: clearing notification and updating"}
{"level":30,"time":"2024-03-10T18:40:59.692Z","msg":"NotificationService not updating notifications. Notifications are disabled; app is not focused; there is no notification data"}
{"level":30,"time":"2024-03-10T18:41:32.874Z","msg":"Profile Service initialized"}
{"level":30,"time":"2024-03-10T18:41:32.997Z","msg":"preload complete"}
{"level":30,"time":"2024-03-10T18:41:32.998Z","msg":"@signalapp/libsignal-client Initializing libsignal version:0.40.0 signal_node::logging rust/bridge/node/src/logging.rs:133"}
{"level":30,"time":"2024-03-10T18:41:33.022Z","msg":"NotificationService initialized"}
{"level":30,"time":"2024-03-10T18:41:33.031Z","msg":"initializeMessageCounter: picking stored counter"}
{"level":30,"time":"2024-03-10T18:41:33.031Z","msg":"Our profile key service: initializing"}
{"level":30,"time":"2024-03-10T18:41:33.032Z","msg":"background page reloaded"}
{"level":30,"time":"2024-03-10T18:41:33.032Z","msg":"environment: production"}
{"level":30,"time":"2024-03-10T18:41:33.034Z","msg":"Storage fetch"}
{"level":40,"time":"2024-03-10T18:41:33.039Z","msg":"SocketManager authenticate was called without credentials"}
{"level":30,"time":"2024-03-10T18:41:33.039Z","msg":"Initializing MessageReceiver"}
{"level":30,"time":"2024-03-10T18:41:33.039Z","msg":"Sender certificate service initialized"}
{"level":30,"time":"2024-03-10T18:41:33.075Z","msg":"Starting background data migration. Target version: 11"}
{"level":30,"time":"2024-03-10T18:41:33.080Z","msg":"GET (WS) https://chat.signal.org/v1/config"}
{"level":30,"time":"2024-03-10T18:41:33.081Z","msg":"SocketManager: connecting unauthenticated socket"}
{"level":30,"time":"2024-03-10T18:41:33.085Z","msg":"RetryPlaceholders.constructor: Started with 0 items, lifespan of 3600000"}
{"level":30,"time":"2024-03-10T18:41:33.085Z","msg":"ConversationController: starting initial fetch"}
{"level":30,"time":"2024-03-10T18:41:33.089Z","msg":"ConversationController: done with initial fetch"}
{"level":30,"time":"2024-03-10T18:41:33.099Z","msg":"SignalProtocolStore: Finished caching identityKeys data"}
{"level":30,"time":"2024-03-10T18:41:33.099Z","msg":"SignalProtocolStore: Finished caching kyberPreKeys data"}
{"level":30,"time":"2024-03-10T18:41:33.100Z","msg":"SignalProtocolStore: Finished caching sessions data"}
{"level":30,"time":"2024-03-10T18:41:33.100Z","msg":"SignalProtocolStore: Finished caching preKeys data"}
{"level":30,"time":"2024-03-10T18:41:33.100Z","msg":"SignalProtocolStore: Finished caching senderKeys data"}
{"level":30,"time":"2024-03-10T18:41:33.100Z","msg":"SignalProtocolStore: Finished caching signedPreKeys data"}
{"level":30,"time":"2024-03-10T18:41:33.101Z","msg":"checkForConflicts: starting..."}
{"level":30,"time":"2024-03-10T18:41:33.101Z","msg":"checkForConflicts: complete!"}
{"level":30,"time":"2024-03-10T18:41:33.101Z","msg":"Storage/getItemsState: now preparing copy of items..."}
{"level":30,"time":"2024-03-10T18:41:33.105Z","msg":"conversation job queue: starting to stream jobs"}
{"level":30,"time":"2024-03-10T18:41:33.105Z","msg":"JobQueueDatabaseStore fetching existing jobs for queue \"conversation\""}
{"level":30,"time":"2024-03-10T18:41:33.106Z","msg":"single proto job queue: starting to stream jobs"}
{"level":30,"time":"2024-03-10T18:41:33.106Z","msg":"JobQueueDatabaseStore fetching existing jobs for queue \"single proto\""}
{"level":30,"time":"2024-03-10T18:41:33.106Z","msg":"read sync job queue: starting to stream jobs"}
{"level":30,"time":"2024-03-10T18:41:33.106Z","msg":"JobQueueDatabaseStore fetching existing jobs for queue \"read sync\""}
{"level":30,"time":"2024-03-10T18:41:33.106Z","msg":"view sync job queue: starting to stream jobs"}
{"level":30,"time":"2024-03-10T18:41:33.106Z","msg":"JobQueueDatabaseStore fetching existing jobs for queue \"view sync\""}
{"level":30,"time":"2024-03-10T18:41:33.106Z","msg":"view once open sync job queue: starting to stream jobs"}
{"level":30,"time":"2024-03-10T18:41:33.106Z","msg":"JobQueueDatabaseStore fetching existing jobs for queue \"view once open sync\""}
{"level":30,"time":"2024-03-10T18:41:33.106Z","msg":"remove storage key job queue: starting to stream jobs"}
{"level":30,"time":"2024-03-10T18:41:33.106Z","msg":"JobQueueDatabaseStore fetching existing jobs for queue \"remove storage key\""}
{"level":30,"time":"2024-03-10T18:41:33.106Z","msg":"report spam job queue: starting to stream jobs"}
{"level":30,"time":"2024-03-10T18:41:33.106Z","msg":"JobQueueDatabaseStore fetching existing jobs for queue \"report spam\""}
{"level":30,"time":"2024-03-10T18:41:33.106Z","msg":"challenge: loading 0 challenges"}
{"level":30,"time":"2024-03-10T18:41:33.106Z","msg":"Initializing network observer"}
{"level":30,"time":"2024-03-10T18:41:33.107Z","msg":"BadgeDownloader#checkForFilesToDownload: downloading 0 badge(s)"}
{"level":30,"time":"2024-03-10T18:41:33.107Z","msg":"Expiration start timestamp cleanup: starting..."}
{"level":30,"time":"2024-03-10T18:41:33.107Z","msg":"JobQueueDatabaseStore finished fetching existing 0 jobs for queue \"conversation\""}
{"level":30,"time":"2024-03-10T18:41:33.107Z","msg":"JobQueueDatabaseStore finished fetching existing 0 jobs for queue \"single proto\""}
{"level":30,"time":"2024-03-10T18:41:33.108Z","msg":"JobQueueDatabaseStore finished fetching existing 0 jobs for queue \"read sync\""}
{"level":30,"time":"2024-03-10T18:41:33.108Z","msg":"JobQueueDatabaseStore finished fetching existing 0 jobs for queue \"view sync\""}
{"level":30,"time":"2024-03-10T18:41:33.108Z","msg":"JobQueueDatabaseStore finished fetching existing 0 jobs for queue \"view once open sync\""}
{"level":30,"time":"2024-03-10T18:41:33.108Z","msg":"JobQueueDatabaseStore finished fetching existing 0 jobs for queue \"remove storage key\""}
{"level":30,"time":"2024-03-10T18:41:33.108Z","msg":"JobQueueDatabaseStore finished fetching existing 0 jobs for queue \"report spam\""}
{"level":30,"time":"2024-03-10T18:41:33.108Z","msg":"Expiration start timestamp cleanup: Found 0 messages for cleanup"}
{"level":30,"time":"2024-03-10T18:41:33.108Z","msg":"Expiration start timestamp cleanup: Cancelling update; we don't have our own UUID"}
{"level":30,"time":"2024-03-10T18:41:33.108Z","msg":"Expiration start timestamp cleanup: complete"}
{"level":30,"time":"2024-03-10T18:41:33.108Z","msg":"listening for registration events"}
{"level":30,"time":"2024-03-10T18:41:33.121Z","msg":"Build expires (local): 2024-06-05T01:52:27.000Z"}
{"level":30,"time":"2024-03-10T18:41:33.126Z","msg":"InstallScreen/getQRCode: race to 10000ms"}
{"level":30,"time":"2024-03-10T18:41:33.326Z","msg":"createHTTPSAgent.createConnection(chat.signal.org): connected to IPv4 addr after 236ms (attempts v4=1 v6=0)"}
{"level":30,"time":"2024-03-10T18:41:33.387Z","msg":"createHTTPSAgent.createConnection(chat.signal.org): connected to IPv4 addr after 233ms (attempts v4=1 v6=0)"}
{"level":30,"time":"2024-03-10T18:41:33.441Z","msg":"SocketManager: connected unauthenticated socket (localPort: 50764)"}
{"level":30,"time":"2024-03-10T18:41:33.441Z","msg":"SocketManager: starting expiration timer for unauthenticated socket"}
{"level":30,"time":"2024-03-10T18:41:33.496Z","msg":"provisioning socket open"}
{"level":50,"time":"2024-03-10T18:41:33.554Z","msg":"Got 401 from Signal Server. We might be unlinked."}
{"level":50,"time":"2024-03-10T18:41:33.554Z","msg":"GET (WS) https://chat.signal.org/v1/config 401 Error"}
{"level":50,"time":"2024-03-10T18:41:33.555Z","msg":"Top-level unhandled promise rejection: HTTPError: promiseAjax: error response; code: 401\n    at makeHTTPError ([REDACTED]/resources/app.asar/preload.bundle.js:88:951)\n    at _promiseAjax ([REDACTED]/resources/app.asar/preload.bundle.js:88:111)\n    at process.processTicksAndRejections (node:internal/process/task_queues:95:5)\n    at async _retryAjax ([REDACTED]/resources/app.asar/preload.bundle.js:88:696)\n    at async L ([REDACTED]/resources/app.asar/preload.bundle.js:88:6071)\n    at async Object.me [as getConfig] ([REDACTED]/resources/app.asar/preload.bundle.js:88:7111)\n    at async refreshRemoteConfig ([REDACTED]/resources/app.asar/preload.bundle.js:64:7495)\n    at async Object.initRemoteConfig ([REDACTED]/resources/app.asar/preload.bundle.js:64:6388)\nOriginal stack:\nError\n    at _outerAjax ([REDACTED]/resources/app.asar/preload.bundle.js:88:867)\n    at L ([REDACTED]/resources/app.asar/preload.bundle.js:88:6077)\n    at Object.me [as getConfig] ([REDACTED]/resources/app.asar/preload.bundle.js:88:7117)\n    at refreshRemoteConfig ([REDACTED]/resources/app.asar/preload.bundle.js:64:7503)\n    at invokeFunc ([REDACTED]/resources/app.asar/preload.bundle.js:3:14228)\n    at leadingEdge ([REDACTED]/resources/app.asar/preload.bundle.js:3:14307)\n    at debounced ([REDACTED]/resources/app.asar/preload.bundle.js:3:14888)\n    at Object.initRemoteConfig ([REDACTED]/resources/app.asar/preload.bundle.js:64:6394)\n    at [REDACTED]/resources/app.asar/preload.bundle.js:164:13775\nCaused by: undefined"}
{"level":30,"time":"2024-03-10T18:41:34.120Z","msg":"checkExpiringMessages: checking for expiring messages"}
{"level":30,"time":"2024-03-10T18:41:34.122Z","msg":"checkExpiringMessages: found no messages to expire"}
{"level":30,"time":"2024-03-10T18:41:48.147Z","msg":"NotificationService: clearing notification and requesting an update"}
{"level":40,"time":"2024-03-10T18:41:48.148Z","msg":"registerForActive: Failed to to refresh remote config. Code: 401"}
{"level":30,"time":"2024-03-10T18:41:49.148Z","msg":"NotificationService not updating notifications. Notifications are disabled; app is focused; there is no notification data"}
{"level":30,"time":"2024-03-10T18:41:54.595Z","msg":"Requesting close confirmation."}
{"level":30,"time":"2024-03-10T18:41:54.600Z","msg":"background/shutdown"}
{"level":30,"time":"2024-03-10T18:41:54.600Z","msg":"background/shutdown: shutting down messageReceiver"}
{"level":30,"time":"2024-03-10T18:41:54.600Z","msg":"MessageReceiver.stopProcessing"}
{"level":30,"time":"2024-03-10T18:41:54.600Z","msg":"batcher#waitForAllBatchers"}
{"level":30,"time":"2024-03-10T18:41:54.600Z","msg":"Flushing sql.Client.updateConversationBatcher batcher items.length=0"}
{"level":30,"time":"2024-03-10T18:41:54.601Z","msg":"Flushing complete sql.Client.updateConversationBatcher for batcher"}
{"level":30,"time":"2024-03-10T18:41:54.601Z","msg":"Flushing messageBatcher.updateMessageBatcher batcher items.length=0"}
{"level":30,"time":"2024-03-10T18:41:54.601Z","msg":"Flushing complete messageBatcher.updateMessageBatcher for batcher"}
{"level":30,"time":"2024-03-10T18:41:54.601Z","msg":"Flushing Whisper.deliveryReceiptBatcher batcher items.length=0"}
{"level":30,"time":"2024-03-10T18:41:54.601Z","msg":"Flushing complete Whisper.deliveryReceiptBatcher for batcher"}
{"level":30,"time":"2024-03-10T18:41:54.601Z","msg":"Flushing respondWithProfileKeyBatcher batcher items.length=0"}
{"level":30,"time":"2024-03-10T18:41:54.601Z","msg":"Flushing complete respondWithProfileKeyBatcher for batcher"}
{"level":30,"time":"2024-03-10T18:41:54.601Z","msg":"Flushing MessageReceiver.decryptAndCacheBatcher batcher items.length=0"}
{"level":30,"time":"2024-03-10T18:41:54.601Z","msg":"Flushing complete MessageReceiver.decryptAndCacheBatcher for batcher"}
{"level":30,"time":"2024-03-10T18:41:54.601Z","msg":"Flushing MessageReceiver.cacheRemoveBatcher batcher items.length=0"}
{"level":30,"time":"2024-03-10T18:41:54.601Z","msg":"Flushing complete MessageReceiver.cacheRemoveBatcher for batcher"}
{"level":30,"time":"2024-03-10T18:41:54.601Z","msg":"Flushing changedConvoBatcher batcher items.length=0"}
{"level":30,"time":"2024-03-10T18:41:54.601Z","msg":"Flushing complete changedConvoBatcher for batcher"}
{"level":30,"time":"2024-03-10T18:41:54.601Z","msg":"background/shutdown: flushing conversations"}
{"level":30,"time":"2024-03-10T18:41:54.601Z","msg":"Sleeper: shutting down, settling 0 in-progress sleep calls"}
{"level":30,"time":"2024-03-10T18:41:54.601Z","msg":"Sleeper: sleep tasks settled"}
{"level":30,"time":"2024-03-10T18:41:54.601Z","msg":"background/shutdown: shutting down queues"}
{"level":30,"time":"2024-03-10T18:41:54.601Z","msg":"StartupQueue: Waiting for 0 tasks to drain"}
{"level":30,"time":"2024-03-10T18:41:54.601Z","msg":"conversation job queue: shutdown: stop accepting new work and drain 0 promise queues"}
{"level":30,"time":"2024-03-10T18:41:54.601Z","msg":"single proto job queue: shutdown: stop accepting new work and drain 1 promise queues"}
{"level":30,"time":"2024-03-10T18:41:54.601Z","msg":"read sync job queue: shutdown: stop accepting new work and drain 1 promise queues"}
{"level":30,"time":"2024-03-10T18:41:54.601Z","msg":"view sync job queue: shutdown: stop accepting new work and drain 1 promise queues"}
{"level":30,"time":"2024-03-10T18:41:54.601Z","msg":"view once open sync job queue: shutdown: stop accepting new work and drain 1 promise queues"}
{"level":30,"time":"2024-03-10T18:41:54.601Z","msg":"remove storage key job queue: shutdown: stop accepting new work and drain 1 promise queues"}
{"level":30,"time":"2024-03-10T18:41:54.601Z","msg":"report spam job queue: shutdown: stop accepting new work and drain 1 promise queues"}
{"level":30,"time":"2024-03-10T18:41:54.601Z","msg":"conversation job queue: shutdown: complete"}
{"level":30,"time":"2024-03-10T18:41:54.601Z","msg":"single proto job queue: shutdown: complete"}
{"level":30,"time":"2024-03-10T18:41:54.601Z","msg":"read sync job queue: shutdown: complete"}
{"level":30,"time":"2024-03-10T18:41:54.601Z","msg":"view sync job queue: shutdown: complete"}
{"level":30,"time":"2024-03-10T18:41:54.601Z","msg":"view once open sync job queue: shutdown: complete"}
{"level":30,"time":"2024-03-10T18:41:54.601Z","msg":"remove storage key job queue: shutdown: complete"}
{"level":30,"time":"2024-03-10T18:41:54.601Z","msg":"report spam job queue: shutdown: complete"}
{"level":30,"time":"2024-03-10T18:41:54.601Z","msg":"background/shutdown: shutting down conversation queues"}
{"level":30,"time":"2024-03-10T18:41:54.601Z","msg":"conversation [REDACTED]111 ([REDACTED]c0d) jobQueue shutdown start"}
{"level":30,"time":"2024-03-10T18:41:54.601Z","msg":"conversation [REDACTED]111 ([REDACTED]c0d) no jobQueue to shutdown"}
{"level":30,"time":"2024-03-10T18:41:54.601Z","msg":"background/shutdown: all queues shutdown"}
{"level":30,"time":"2024-03-10T18:41:54.601Z","msg":"background/shutdown: waiting for all batchers"}
{"level":30,"time":"2024-03-10T18:41:54.601Z","msg":"batcher#waitForAllBatchers"}
{"level":30,"time":"2024-03-10T18:41:54.601Z","msg":"Flushing sql.Client.updateConversationBatcher batcher items.length=0"}
{"level":30,"time":"2024-03-10T18:41:54.601Z","msg":"Flushing complete sql.Client.updateConversationBatcher for batcher"}
{"level":30,"time":"2024-03-10T18:41:54.601Z","msg":"Flushing messageBatcher.updateMessageBatcher batcher items.length=0"}
{"level":30,"time":"2024-03-10T18:41:54.601Z","msg":"Flushing complete messageBatcher.updateMessageBatcher for batcher"}
{"level":30,"time":"2024-03-10T18:41:54.601Z","msg":"Flushing Whisper.deliveryReceiptBatcher batcher items.length=0"}
{"level":30,"time":"2024-03-10T18:41:54.601Z","msg":"Flushing complete Whisper.deliveryReceiptBatcher for batcher"}
{"level":30,"time":"2024-03-10T18:41:54.601Z","msg":"Flushing respondWithProfileKeyBatcher batcher items.length=0"}
{"level":30,"time":"2024-03-10T18:41:54.601Z","msg":"Flushing complete respondWithProfileKeyBatcher for batcher"}
{"level":30,"time":"2024-03-10T18:41:54.601Z","msg":"Flushing MessageReceiver.decryptAndCacheBatcher batcher items.length=0"}
{"level":30,"time":"2024-03-10T18:41:54.601Z","msg":"Flushing complete MessageReceiver.decryptAndCacheBatcher for batcher"}
{"level":30,"time":"2024-03-10T18:41:54.602Z","msg":"Flushing MessageReceiver.cacheRemoveBatcher batcher items.length=0"}
{"level":30,"time":"2024-03-10T18:41:54.602Z","msg":"Flushing complete MessageReceiver.cacheRemoveBatcher for batcher"}
{"level":30,"time":"2024-03-10T18:41:54.602Z","msg":"Flushing changedConvoBatcher batcher items.length=0"}
{"level":30,"time":"2024-03-10T18:41:54.602Z","msg":"Flushing complete changedConvoBatcher for batcher"}
{"level":30,"time":"2024-03-10T18:41:54.602Z","msg":"waitBatcher#waitForAllWaitBatchers"}
{"level":30,"time":"2024-03-10T18:41:54.602Z","msg":"background/shutdown: closing the database"}
{"level":30,"time":"2024-03-10T18:41:54.602Z","msg":"Client.shutdown"}
{"level":30,"time":"2024-03-10T18:41:54.602Z","msg":"data.shutdown: shutdown requested. 0 jobs outstanding"}
{"level":30,"time":"2024-03-10T18:41:54.613Z","msg":"NotificationService: clearing notification and updating"}
{"level":30,"time":"2024-03-10T18:41:54.613Z","msg":"NotificationService not updating notifications. Notifications are disabled; app is not focused; there is no notification data"}
