2024-03-09T15:24:40.607Z [Modules] Modules initializing
2024-03-09T15:24:40.607Z [Modules] Distribution: remote
2024-03-09T15:24:40.607Z [Modules] Host updates: enabled
2024-03-09T15:24:40.607Z [Modules] Module updates: enabled
2024-03-09T15:24:40.608Z [Modules] Module install path: /home/pietroballarin/.config/discord/0.0.44/modules
2024-03-09T15:24:40.608Z [Modules] Module installed file path: /home/pietroballarin/.config/discord/0.0.44/modules/installed.json
2024-03-09T15:24:40.608Z [Modules] Module download path: /home/pietroballarin/.config/discord/0.0.44/modules/pending
2024-03-09T15:24:40.834Z [Modules] Bootstrapping...
2024-03-09T15:24:40.835Z [Modules] Installing discord_desktop_core@0 from /opt/discord/resources/bootstrap/discord_desktop_core.zip
2024-03-09T15:24:40.837Z [Modules] Failed installing discord_desktop_core@0: Error: ENOENT: no such file or directory, open '/opt/discord/resources/bootstrap/discord_desktop_core.zip'
2024-03-09T15:24:40.838Z [Modules] Installing discord_erlpack@0 from /opt/discord/resources/bootstrap/discord_erlpack.zip
2024-03-09T15:24:40.839Z [Modules] Failed installing discord_erlpack@0: Error: ENOENT: no such file or directory, open '/opt/discord/resources/bootstrap/discord_erlpack.zip'
2024-03-09T15:24:40.839Z [Modules] Installing discord_spellcheck@0 from /opt/discord/resources/bootstrap/discord_spellcheck.zip
2024-03-09T15:24:40.841Z [Modules] Failed installing discord_spellcheck@0: Error: ENOENT: no such file or directory, open '/opt/discord/resources/bootstrap/discord_spellcheck.zip'
2024-03-09T15:24:40.841Z [Modules] Installing discord_utils@0 from /opt/discord/resources/bootstrap/discord_utils.zip
2024-03-09T15:24:40.842Z [Modules] Failed installing discord_utils@0: Error: ENOENT: no such file or directory, open '/opt/discord/resources/bootstrap/discord_utils.zip'
2024-03-09T15:24:40.842Z [Modules] Installing discord_voice@0 from /opt/discord/resources/bootstrap/discord_voice.zip
2024-03-09T15:24:40.843Z [Modules] Failed installing discord_voice@0: Error: ENOENT: no such file or directory, open '/opt/discord/resources/bootstrap/discord_voice.zip'
2024-03-09T15:24:40.844Z [Modules] Finished module installations. [success: 0] [failure: 5]
2024-03-09T15:24:40.844Z [Modules] Checking for host updates.
2024-03-09T15:24:41.111Z [Modules] Host is up to date.
2024-03-09T15:24:41.111Z [Modules] Checking for module updates at https://discord.com/api/modules/stable/versions.json
2024-03-09T15:24:41.173Z [Modules] Module update available: discord_desktop_core@1 [installed: 0]
2024-03-09T15:24:41.174Z [Modules] Module update available: discord_erlpack@1 [installed: 0]
2024-03-09T15:24:41.174Z [Modules] Module update available: discord_spellcheck@1 [installed: 0]
2024-03-09T15:24:41.174Z [Modules] Module update available: discord_utils@1 [installed: 0]
2024-03-09T15:24:41.174Z [Modules] Module update available: discord_voice@1 [installed: 0]
2024-03-09T15:24:41.174Z [Modules] Fetching discord_desktop_core@1 from https://discord.com/api/modules/stable/discord_desktop_core/1
2024-03-09T15:24:41.174Z [Modules] Streaming discord_desktop_core@1 to /home/pietroballarin/.config/discord/0.0.44/modules/pending/discord_desktop_core-1.zip
2024-03-09T15:24:41.441Z [Modules] Streaming discord_desktop_core@1 to /home/pietroballarin/.config/discord/0.0.44/modules/pending/discord_desktop_core-1.zip: 2%
2024-03-09T15:24:41.460Z [Modules] Streaming discord_desktop_core@1 to /home/pietroballarin/.config/discord/0.0.44/modules/pending/discord_desktop_core-1.zip: 5%
2024-03-09T15:24:41.469Z [Modules] Streaming discord_desktop_core@1 to /home/pietroballarin/.config/discord/0.0.44/modules/pending/discord_desktop_core-1.zip: 8%
2024-03-09T15:24:41.477Z [Modules] Streaming discord_desktop_core@1 to /home/pietroballarin/.config/discord/0.0.44/modules/pending/discord_desktop_core-1.zip: 11%
2024-03-09T15:24:41.481Z [Modules] Streaming discord_desktop_core@1 to /home/pietroballarin/.config/discord/0.0.44/modules/pending/discord_desktop_core-1.zip: 14%
2024-03-09T15:24:41.484Z [Modules] Streaming discord_desktop_core@1 to /home/pietroballarin/.config/discord/0.0.44/modules/pending/discord_desktop_core-1.zip: 17%
2024-03-09T15:24:41.487Z [Modules] Streaming discord_desktop_core@1 to /home/pietroballarin/.config/discord/0.0.44/modules/pending/discord_desktop_core-1.zip: 19%
2024-03-09T15:24:41.495Z [Modules] Streaming discord_desktop_core@1 to /home/pietroballarin/.config/discord/0.0.44/modules/pending/discord_desktop_core-1.zip: 22%
2024-03-09T15:24:41.496Z [Modules] Streaming discord_desktop_core@1 to /home/pietroballarin/.config/discord/0.0.44/modules/pending/discord_desktop_core-1.zip: 25%
2024-03-09T15:24:41.498Z [Modules] Streaming discord_desktop_core@1 to /home/pietroballarin/.config/discord/0.0.44/modules/pending/discord_desktop_core-1.zip: 28%
2024-03-09T15:24:41.500Z [Modules] Streaming discord_desktop_core@1 to /home/pietroballarin/.config/discord/0.0.44/modules/pending/discord_desktop_core-1.zip: 31%
2024-03-09T15:24:41.501Z [Modules] Streaming discord_desktop_core@1 to /home/pietroballarin/.config/discord/0.0.44/modules/pending/discord_desktop_core-1.zip: 34%
2024-03-09T15:24:41.503Z [Modules] Streaming discord_desktop_core@1 to /home/pietroballarin/.config/discord/0.0.44/modules/pending/discord_desktop_core-1.zip: 37%
2024-03-09T15:24:41.504Z [Modules] Streaming discord_desktop_core@1 to /home/pietroballarin/.config/discord/0.0.44/modules/pending/discord_desktop_core-1.zip: 40%
2024-03-09T15:24:41.512Z [Modules] Streaming discord_desktop_core@1 to /home/pietroballarin/.config/discord/0.0.44/modules/pending/discord_desktop_core-1.zip: 43%
2024-03-09T15:24:41.513Z [Modules] Streaming discord_desktop_core@1 to /home/pietroballarin/.config/discord/0.0.44/modules/pending/discord_desktop_core-1.zip: 46%
2024-03-09T15:24:41.514Z [Modules] Streaming discord_desktop_core@1 to /home/pietroballarin/.config/discord/0.0.44/modules/pending/discord_desktop_core-1.zip: 47%
2024-03-09T15:24:41.515Z [Modules] Streaming discord_desktop_core@1 to /home/pietroballarin/.config/discord/0.0.44/modules/pending/discord_desktop_core-1.zip: 51%
2024-03-09T15:24:41.517Z [Modules] Streaming discord_desktop_core@1 to /home/pietroballarin/.config/discord/0.0.44/modules/pending/discord_desktop_core-1.zip: 52%
2024-03-09T15:24:41.525Z [Modules] Streaming discord_desktop_core@1 to /home/pietroballarin/.config/discord/0.0.44/modules/pending/discord_desktop_core-1.zip: 55%
2024-03-09T15:24:41.526Z [Modules] Streaming discord_desktop_core@1 to /home/pietroballarin/.config/discord/0.0.44/modules/pending/discord_desktop_core-1.zip: 56%
2024-03-09T15:24:41.527Z [Modules] Streaming discord_desktop_core@1 to /home/pietroballarin/.config/discord/0.0.44/modules/pending/discord_desktop_core-1.zip: 60%
2024-03-09T15:24:41.528Z [Modules] Streaming discord_desktop_core@1 to /home/pietroballarin/.config/discord/0.0.44/modules/pending/discord_desktop_core-1.zip: 63%
2024-03-09T15:24:41.530Z [Modules] Streaming discord_desktop_core@1 to /home/pietroballarin/.config/discord/0.0.44/modules/pending/discord_desktop_core-1.zip: 66%
2024-03-09T15:24:41.530Z [Modules] Streaming discord_desktop_core@1 to /home/pietroballarin/.config/discord/0.0.44/modules/pending/discord_desktop_core-1.zip: 71%
2024-03-09T15:24:41.532Z [Modules] Streaming discord_desktop_core@1 to /home/pietroballarin/.config/discord/0.0.44/modules/pending/discord_desktop_core-1.zip: 74%
2024-03-09T15:24:41.534Z [Modules] Streaming discord_desktop_core@1 to /home/pietroballarin/.config/discord/0.0.44/modules/pending/discord_desktop_core-1.zip: 76%
2024-03-09T15:24:41.538Z [Modules] Streaming discord_desktop_core@1 to /home/pietroballarin/.config/discord/0.0.44/modules/pending/discord_desktop_core-1.zip: 79%
2024-03-09T15:24:41.539Z [Modules] Streaming discord_desktop_core@1 to /home/pietroballarin/.config/discord/0.0.44/modules/pending/discord_desktop_core-1.zip: 80%
2024-03-09T15:24:41.540Z [Modules] Streaming discord_desktop_core@1 to /home/pietroballarin/.config/discord/0.0.44/modules/pending/discord_desktop_core-1.zip: 85%
2024-03-09T15:24:41.541Z [Modules] Streaming discord_desktop_core@1 to /home/pietroballarin/.config/discord/0.0.44/modules/pending/discord_desktop_core-1.zip: 88%
2024-03-09T15:24:41.543Z [Modules] Streaming discord_desktop_core@1 to /home/pietroballarin/.config/discord/0.0.44/modules/pending/discord_desktop_core-1.zip: 95%
2024-03-09T15:24:41.544Z [Modules] Streaming discord_desktop_core@1 to /home/pietroballarin/.config/discord/0.0.44/modules/pending/discord_desktop_core-1.zip: 100%
2024-03-09T15:24:41.545Z [Modules] Fetching discord_erlpack@1 from https://discord.com/api/modules/stable/discord_erlpack/1
2024-03-09T15:24:41.545Z [Modules] Streaming discord_erlpack@1 to /home/pietroballarin/.config/discord/0.0.44/modules/pending/discord_erlpack-1.zip
2024-03-09T15:24:41.739Z [Modules] Streaming discord_erlpack@1 to /home/pietroballarin/.config/discord/0.0.44/modules/pending/discord_erlpack-1.zip: 5%
2024-03-09T15:24:41.740Z [Modules] Streaming discord_erlpack@1 to /home/pietroballarin/.config/discord/0.0.44/modules/pending/discord_erlpack-1.zip: 9%
2024-03-09T15:24:41.740Z [Modules] Streaming discord_erlpack@1 to /home/pietroballarin/.config/discord/0.0.44/modules/pending/discord_erlpack-1.zip: 12%
2024-03-09T15:24:41.741Z [Modules] Streaming discord_erlpack@1 to /home/pietroballarin/.config/discord/0.0.44/modules/pending/discord_erlpack-1.zip: 16%
2024-03-09T15:24:41.742Z [Modules] Streaming discord_erlpack@1 to /home/pietroballarin/.config/discord/0.0.44/modules/pending/discord_erlpack-1.zip: 19%
2024-03-09T15:24:41.742Z [Modules] Streaming discord_erlpack@1 to /home/pietroballarin/.config/discord/0.0.44/modules/pending/discord_erlpack-1.zip: 23%
2024-03-09T15:24:41.743Z [Modules] Streaming discord_erlpack@1 to /home/pietroballarin/.config/discord/0.0.44/modules/pending/discord_erlpack-1.zip: 27%
2024-03-09T15:24:41.744Z [Modules] Streaming discord_erlpack@1 to /home/pietroballarin/.config/discord/0.0.44/modules/pending/discord_erlpack-1.zip: 34%
2024-03-09T15:24:41.745Z [Modules] Streaming discord_erlpack@1 to /home/pietroballarin/.config/discord/0.0.44/modules/pending/discord_erlpack-1.zip: 37%
2024-03-09T15:24:41.746Z [Modules] Streaming discord_erlpack@1 to /home/pietroballarin/.config/discord/0.0.44/modules/pending/discord_erlpack-1.zip: 40%
2024-03-09T15:24:41.746Z [Modules] Streaming discord_erlpack@1 to /home/pietroballarin/.config/discord/0.0.44/modules/pending/discord_erlpack-1.zip: 44%
2024-03-09T15:24:41.747Z [Modules] Streaming discord_erlpack@1 to /home/pietroballarin/.config/discord/0.0.44/modules/pending/discord_erlpack-1.zip: 47%
2024-03-09T15:24:41.747Z [Modules] Streaming discord_erlpack@1 to /home/pietroballarin/.config/discord/0.0.44/modules/pending/discord_erlpack-1.zip: 51%
2024-03-09T15:24:41.748Z [Modules] Streaming discord_erlpack@1 to /home/pietroballarin/.config/discord/0.0.44/modules/pending/discord_erlpack-1.zip: 54%
2024-03-09T15:24:41.749Z [Modules] Streaming discord_erlpack@1 to /home/pietroballarin/.config/discord/0.0.44/modules/pending/discord_erlpack-1.zip: 57%
2024-03-09T15:24:41.749Z [Modules] Streaming discord_erlpack@1 to /home/pietroballarin/.config/discord/0.0.44/modules/pending/discord_erlpack-1.zip: 61%
2024-03-09T15:24:41.750Z [Modules] Streaming discord_erlpack@1 to /home/pietroballarin/.config/discord/0.0.44/modules/pending/discord_erlpack-1.zip: 64%
2024-03-09T15:24:41.751Z [Modules] Streaming discord_erlpack@1 to /home/pietroballarin/.config/discord/0.0.44/modules/pending/discord_erlpack-1.zip: 71%
2024-03-09T15:24:41.756Z [Modules] Streaming discord_erlpack@1 to /home/pietroballarin/.config/discord/0.0.44/modules/pending/discord_erlpack-1.zip: 75%
2024-03-09T15:24:41.757Z [Modules] Streaming discord_erlpack@1 to /home/pietroballarin/.config/discord/0.0.44/modules/pending/discord_erlpack-1.zip: 81%
2024-03-09T15:24:41.758Z [Modules] Streaming discord_erlpack@1 to /home/pietroballarin/.config/discord/0.0.44/modules/pending/discord_erlpack-1.zip: 85%
2024-03-09T15:24:41.758Z [Modules] Streaming discord_erlpack@1 to /home/pietroballarin/.config/discord/0.0.44/modules/pending/discord_erlpack-1.zip: 88%
2024-03-09T15:24:41.759Z [Modules] Streaming discord_erlpack@1 to /home/pietroballarin/.config/discord/0.0.44/modules/pending/discord_erlpack-1.zip: 92%
2024-03-09T15:24:41.760Z [Modules] Streaming discord_erlpack@1 to /home/pietroballarin/.config/discord/0.0.44/modules/pending/discord_erlpack-1.zip: 95%
2024-03-09T15:24:41.761Z [Modules] Streaming discord_erlpack@1 to /home/pietroballarin/.config/discord/0.0.44/modules/pending/discord_erlpack-1.zip: 100%
2024-03-09T15:24:41.762Z [Modules] Fetching discord_spellcheck@1 from https://discord.com/api/modules/stable/discord_spellcheck/1
2024-03-09T15:24:41.762Z [Modules] Streaming discord_spellcheck@1 to /home/pietroballarin/.config/discord/0.0.44/modules/pending/discord_spellcheck-1.zip
2024-03-09T15:24:41.993Z [Modules] Streaming discord_spellcheck@1 to /home/pietroballarin/.config/discord/0.0.44/modules/pending/discord_spellcheck-1.zip: 1%
2024-03-09T15:24:41.993Z [Modules] Streaming discord_spellcheck@1 to /home/pietroballarin/.config/discord/0.0.44/modules/pending/discord_spellcheck-1.zip: 2%
2024-03-09T15:24:41.994Z [Modules] Streaming discord_spellcheck@1 to /home/pietroballarin/.config/discord/0.0.44/modules/pending/discord_spellcheck-1.zip: 3%
2024-03-09T15:24:41.995Z [Modules] Streaming discord_spellcheck@1 to /home/pietroballarin/.config/discord/0.0.44/modules/pending/discord_spellcheck-1.zip: 4%
2024-03-09T15:24:41.996Z [Modules] Streaming discord_spellcheck@1 to /home/pietroballarin/.config/discord/0.0.44/modules/pending/discord_spellcheck-1.zip: 5%
2024-03-09T15:24:41.997Z [Modules] Streaming discord_spellcheck@1 to /home/pietroballarin/.config/discord/0.0.44/modules/pending/discord_spellcheck-1.zip: 6%
2024-03-09T15:24:41.998Z [Modules] Streaming discord_spellcheck@1 to /home/pietroballarin/.config/discord/0.0.44/modules/pending/discord_spellcheck-1.zip: 7%
2024-03-09T15:24:41.998Z [Modules] Streaming discord_spellcheck@1 to /home/pietroballarin/.config/discord/0.0.44/modules/pending/discord_spellcheck-1.zip: 8%
2024-03-09T15:24:41.999Z [Modules] Streaming discord_spellcheck@1 to /home/pietroballarin/.config/discord/0.0.44/modules/pending/discord_spellcheck-1.zip: 9%
2024-03-09T15:24:42.000Z [Modules] Streaming discord_spellcheck@1 to /home/pietroballarin/.config/discord/0.0.44/modules/pending/discord_spellcheck-1.zip: 10%
2024-03-09T15:24:42.001Z [Modules] Streaming discord_spellcheck@1 to /home/pietroballarin/.config/discord/0.0.44/modules/pending/discord_spellcheck-1.zip: 11%
2024-03-09T15:24:42.002Z [Modules] Streaming discord_spellcheck@1 to /home/pietroballarin/.config/discord/0.0.44/modules/pending/discord_spellcheck-1.zip: 12%
2024-03-09T15:24:42.003Z [Modules] Streaming discord_spellcheck@1 to /home/pietroballarin/.config/discord/0.0.44/modules/pending/discord_spellcheck-1.zip: 13%
2024-03-09T15:24:42.003Z [Modules] Streaming discord_spellcheck@1 to /home/pietroballarin/.config/discord/0.0.44/modules/pending/discord_spellcheck-1.zip: 14%
2024-03-09T15:24:42.004Z [Modules] Streaming discord_spellcheck@1 to /home/pietroballarin/.config/discord/0.0.44/modules/pending/discord_spellcheck-1.zip: 15%
2024-03-09T15:24:42.005Z [Modules] Streaming discord_spellcheck@1 to /home/pietroballarin/.config/discord/0.0.44/modules/pending/discord_spellcheck-1.zip: 16%
2024-03-09T15:24:42.006Z [Modules] Streaming discord_spellcheck@1 to /home/pietroballarin/.config/discord/0.0.44/modules/pending/discord_spellcheck-1.zip: 17%
2024-03-09T15:24:42.007Z [Modules] Streaming discord_spellcheck@1 to /home/pietroballarin/.config/discord/0.0.44/modules/pending/discord_spellcheck-1.zip: 18%
2024-03-09T15:24:42.008Z [Modules] Streaming discord_spellcheck@1 to /home/pietroballarin/.config/discord/0.0.44/modules/pending/discord_spellcheck-1.zip: 19%
2024-03-09T15:24:42.009Z [Modules] Streaming discord_spellcheck@1 to /home/pietroballarin/.config/discord/0.0.44/modules/pending/discord_spellcheck-1.zip: 20%
2024-03-09T15:24:42.010Z [Modules] Streaming discord_spellcheck@1 to /home/pietroballarin/.config/discord/0.0.44/modules/pending/discord_spellcheck-1.zip: 21%
2024-03-09T15:24:42.011Z [Modules] Streaming discord_spellcheck@1 to /home/pietroballarin/.config/discord/0.0.44/modules/pending/discord_spellcheck-1.zip: 22%
2024-03-09T15:24:42.012Z [Modules] Streaming discord_spellcheck@1 to /home/pietroballarin/.config/discord/0.0.44/modules/pending/discord_spellcheck-1.zip: 23%
2024-03-09T15:24:42.013Z [Modules] Streaming discord_spellcheck@1 to /home/pietroballarin/.config/discord/0.0.44/modules/pending/discord_spellcheck-1.zip: 24%
2024-03-09T15:24:42.013Z [Modules] Streaming discord_spellcheck@1 to /home/pietroballarin/.config/discord/0.0.44/modules/pending/discord_spellcheck-1.zip: 25%
2024-03-09T15:24:42.014Z [Modules] Streaming discord_spellcheck@1 to /home/pietroballarin/.config/discord/0.0.44/modules/pending/discord_spellcheck-1.zip: 26%
2024-03-09T15:24:42.015Z [Modules] Streaming discord_spellcheck@1 to /home/pietroballarin/.config/discord/0.0.44/modules/pending/discord_spellcheck-1.zip: 27%
2024-03-09T15:24:42.016Z [Modules] Streaming discord_spellcheck@1 to /home/pietroballarin/.config/discord/0.0.44/modules/pending/discord_spellcheck-1.zip: 28%
2024-03-09T15:24:42.017Z [Modules] Streaming discord_spellcheck@1 to /home/pietroballarin/.config/discord/0.0.44/modules/pending/discord_spellcheck-1.zip: 29%
2024-03-09T15:24:42.017Z [Modules] Streaming discord_spellcheck@1 to /home/pietroballarin/.config/discord/0.0.44/modules/pending/discord_spellcheck-1.zip: 30%
2024-03-09T15:24:42.019Z [Modules] Streaming discord_spellcheck@1 to /home/pietroballarin/.config/discord/0.0.44/modules/pending/discord_spellcheck-1.zip: 31%
2024-03-09T15:24:42.019Z [Modules] Streaming discord_spellcheck@1 to /home/pietroballarin/.config/discord/0.0.44/modules/pending/discord_spellcheck-1.zip: 32%
2024-03-09T15:24:42.020Z [Modules] Streaming discord_spellcheck@1 to /home/pietroballarin/.config/discord/0.0.44/modules/pending/discord_spellcheck-1.zip: 33%
2024-03-09T15:24:42.021Z [Modules] Streaming discord_spellcheck@1 to /home/pietroballarin/.config/discord/0.0.44/modules/pending/discord_spellcheck-1.zip: 34%
2024-03-09T15:24:42.022Z [Modules] Streaming discord_spellcheck@1 to /home/pietroballarin/.config/discord/0.0.44/modules/pending/discord_spellcheck-1.zip: 35%
2024-03-09T15:24:42.023Z [Modules] Streaming discord_spellcheck@1 to /home/pietroballarin/.config/discord/0.0.44/modules/pending/discord_spellcheck-1.zip: 36%
2024-03-09T15:24:42.024Z [Modules] Streaming discord_spellcheck@1 to /home/pietroballarin/.config/discord/0.0.44/modules/pending/discord_spellcheck-1.zip: 37%
2024-03-09T15:24:42.024Z [Modules] Streaming discord_spellcheck@1 to /home/pietroballarin/.config/discord/0.0.44/modules/pending/discord_spellcheck-1.zip: 38%
2024-03-09T15:24:42.025Z [Modules] Streaming discord_spellcheck@1 to /home/pietroballarin/.config/discord/0.0.44/modules/pending/discord_spellcheck-1.zip: 39%
2024-03-09T15:24:42.026Z [Modules] Streaming discord_spellcheck@1 to /home/pietroballarin/.config/discord/0.0.44/modules/pending/discord_spellcheck-1.zip: 40%
2024-03-09T15:24:42.027Z [Modules] Streaming discord_spellcheck@1 to /home/pietroballarin/.config/discord/0.0.44/modules/pending/discord_spellcheck-1.zip: 41%
2024-03-09T15:24:42.028Z [Modules] Streaming discord_spellcheck@1 to /home/pietroballarin/.config/discord/0.0.44/modules/pending/discord_spellcheck-1.zip: 42%
2024-03-09T15:24:42.029Z [Modules] Streaming discord_spellcheck@1 to /home/pietroballarin/.config/discord/0.0.44/modules/pending/discord_spellcheck-1.zip: 43%
2024-03-09T15:24:42.030Z [Modules] Streaming discord_spellcheck@1 to /home/pietroballarin/.config/discord/0.0.44/modules/pending/discord_spellcheck-1.zip: 44%
2024-03-09T15:24:42.031Z [Modules] Streaming discord_spellcheck@1 to /home/pietroballarin/.config/discord/0.0.44/modules/pending/discord_spellcheck-1.zip: 45%
2024-03-09T15:24:42.031Z [Modules] Streaming discord_spellcheck@1 to /home/pietroballarin/.config/discord/0.0.44/modules/pending/discord_spellcheck-1.zip: 46%
2024-03-09T15:24:42.032Z [Modules] Streaming discord_spellcheck@1 to /home/pietroballarin/.config/discord/0.0.44/modules/pending/discord_spellcheck-1.zip: 47%
2024-03-09T15:24:42.033Z [Modules] Streaming discord_spellcheck@1 to /home/pietroballarin/.config/discord/0.0.44/modules/pending/discord_spellcheck-1.zip: 48%
2024-03-09T15:24:42.034Z [Modules] Streaming discord_spellcheck@1 to /home/pietroballarin/.config/discord/0.0.44/modules/pending/discord_spellcheck-1.zip: 49%
2024-03-09T15:24:42.034Z [Modules] Streaming discord_spellcheck@1 to /home/pietroballarin/.config/discord/0.0.44/modules/pending/discord_spellcheck-1.zip: 50%
2024-03-09T15:24:42.036Z [Modules] Streaming discord_spellcheck@1 to /home/pietroballarin/.config/discord/0.0.44/modules/pending/discord_spellcheck-1.zip: 51%
2024-03-09T15:24:42.037Z [Modules] Streaming discord_spellcheck@1 to /home/pietroballarin/.config/discord/0.0.44/modules/pending/discord_spellcheck-1.zip: 52%
2024-03-09T15:24:42.037Z [Modules] Streaming discord_spellcheck@1 to /home/pietroballarin/.config/discord/0.0.44/modules/pending/discord_spellcheck-1.zip: 53%
2024-03-09T15:24:42.038Z [Modules] Streaming discord_spellcheck@1 to /home/pietroballarin/.config/discord/0.0.44/modules/pending/discord_spellcheck-1.zip: 54%
2024-03-09T15:24:42.039Z [Modules] Streaming discord_spellcheck@1 to /home/pietroballarin/.config/discord/0.0.44/modules/pending/discord_spellcheck-1.zip: 55%
2024-03-09T15:24:42.040Z [Modules] Streaming discord_spellcheck@1 to /home/pietroballarin/.config/discord/0.0.44/modules/pending/discord_spellcheck-1.zip: 56%
2024-03-09T15:24:42.041Z [Modules] Streaming discord_spellcheck@1 to /home/pietroballarin/.config/discord/0.0.44/modules/pending/discord_spellcheck-1.zip: 57%
2024-03-09T15:24:42.042Z [Modules] Streaming discord_spellcheck@1 to /home/pietroballarin/.config/discord/0.0.44/modules/pending/discord_spellcheck-1.zip: 58%
2024-03-09T15:24:42.042Z [Modules] Streaming discord_spellcheck@1 to /home/pietroballarin/.config/discord/0.0.44/modules/pending/discord_spellcheck-1.zip: 59%
2024-03-09T15:24:42.043Z [Modules] Streaming discord_spellcheck@1 to /home/pietroballarin/.config/discord/0.0.44/modules/pending/discord_spellcheck-1.zip: 60%
2024-03-09T15:24:42.044Z [Modules] Streaming discord_spellcheck@1 to /home/pietroballarin/.config/discord/0.0.44/modules/pending/discord_spellcheck-1.zip: 61%
2024-03-09T15:24:42.045Z [Modules] Streaming discord_spellcheck@1 to /home/pietroballarin/.config/discord/0.0.44/modules/pending/discord_spellcheck-1.zip: 62%
2024-03-09T15:24:42.046Z [Modules] Streaming discord_spellcheck@1 to /home/pietroballarin/.config/discord/0.0.44/modules/pending/discord_spellcheck-1.zip: 63%
2024-03-09T15:24:42.047Z [Modules] Streaming discord_spellcheck@1 to /home/pietroballarin/.config/discord/0.0.44/modules/pending/discord_spellcheck-1.zip: 64%
2024-03-09T15:24:42.048Z [Modules] Streaming discord_spellcheck@1 to /home/pietroballarin/.config/discord/0.0.44/modules/pending/discord_spellcheck-1.zip: 65%
2024-03-09T15:24:42.049Z [Modules] Streaming discord_spellcheck@1 to /home/pietroballarin/.config/discord/0.0.44/modules/pending/discord_spellcheck-1.zip: 66%
2024-03-09T15:24:42.049Z [Modules] Streaming discord_spellcheck@1 to /home/pietroballarin/.config/discord/0.0.44/modules/pending/discord_spellcheck-1.zip: 67%
2024-03-09T15:24:42.050Z [Modules] Streaming discord_spellcheck@1 to /home/pietroballarin/.config/discord/0.0.44/modules/pending/discord_spellcheck-1.zip: 68%
2024-03-09T15:24:42.051Z [Modules] Streaming discord_spellcheck@1 to /home/pietroballarin/.config/discord/0.0.44/modules/pending/discord_spellcheck-1.zip: 69%
2024-03-09T15:24:42.052Z [Modules] Streaming discord_spellcheck@1 to /home/pietroballarin/.config/discord/0.0.44/modules/pending/discord_spellcheck-1.zip: 70%
2024-03-09T15:24:42.053Z [Modules] Streaming discord_spellcheck@1 to /home/pietroballarin/.config/discord/0.0.44/modules/pending/discord_spellcheck-1.zip: 71%
2024-03-09T15:24:42.054Z [Modules] Streaming discord_spellcheck@1 to /home/pietroballarin/.config/discord/0.0.44/modules/pending/discord_spellcheck-1.zip: 72%
2024-03-09T15:24:42.054Z [Modules] Streaming discord_spellcheck@1 to /home/pietroballarin/.config/discord/0.0.44/modules/pending/discord_spellcheck-1.zip: 73%
2024-03-09T15:24:42.056Z [Modules] Streaming discord_spellcheck@1 to /home/pietroballarin/.config/discord/0.0.44/modules/pending/discord_spellcheck-1.zip: 74%
2024-03-09T15:24:42.057Z [Modules] Streaming discord_spellcheck@1 to /home/pietroballarin/.config/discord/0.0.44/modules/pending/discord_spellcheck-1.zip: 75%
2024-03-09T15:24:42.057Z [Modules] Streaming discord_spellcheck@1 to /home/pietroballarin/.config/discord/0.0.44/modules/pending/discord_spellcheck-1.zip: 76%
2024-03-09T15:24:42.058Z [Modules] Streaming discord_spellcheck@1 to /home/pietroballarin/.config/discord/0.0.44/modules/pending/discord_spellcheck-1.zip: 77%
2024-03-09T15:24:42.059Z [Modules] Streaming discord_spellcheck@1 to /home/pietroballarin/.config/discord/0.0.44/modules/pending/discord_spellcheck-1.zip: 78%
2024-03-09T15:24:42.060Z [Modules] Streaming discord_spellcheck@1 to /home/pietroballarin/.config/discord/0.0.44/modules/pending/discord_spellcheck-1.zip: 79%
2024-03-09T15:24:42.061Z [Modules] Streaming discord_spellcheck@1 to /home/pietroballarin/.config/discord/0.0.44/modules/pending/discord_spellcheck-1.zip: 80%
2024-03-09T15:24:42.062Z [Modules] Streaming discord_spellcheck@1 to /home/pietroballarin/.config/discord/0.0.44/modules/pending/discord_spellcheck-1.zip: 81%
2024-03-09T15:24:42.062Z [Modules] Streaming discord_spellcheck@1 to /home/pietroballarin/.config/discord/0.0.44/modules/pending/discord_spellcheck-1.zip: 82%
2024-03-09T15:24:42.063Z [Modules] Streaming discord_spellcheck@1 to /home/pietroballarin/.config/discord/0.0.44/modules/pending/discord_spellcheck-1.zip: 83%
2024-03-09T15:24:42.064Z [Modules] Streaming discord_spellcheck@1 to /home/pietroballarin/.config/discord/0.0.44/modules/pending/discord_spellcheck-1.zip: 84%
2024-03-09T15:24:42.065Z [Modules] Streaming discord_spellcheck@1 to /home/pietroballarin/.config/discord/0.0.44/modules/pending/discord_spellcheck-1.zip: 85%
2024-03-09T15:24:42.066Z [Modules] Streaming discord_spellcheck@1 to /home/pietroballarin/.config/discord/0.0.44/modules/pending/discord_spellcheck-1.zip: 86%
2024-03-09T15:24:42.067Z [Modules] Streaming discord_spellcheck@1 to /home/pietroballarin/.config/discord/0.0.44/modules/pending/discord_spellcheck-1.zip: 87%
2024-03-09T15:24:42.068Z [Modules] Streaming discord_spellcheck@1 to /home/pietroballarin/.config/discord/0.0.44/modules/pending/discord_spellcheck-1.zip: 88%
2024-03-09T15:24:42.068Z [Modules] Streaming discord_spellcheck@1 to /home/pietroballarin/.config/discord/0.0.44/modules/pending/discord_spellcheck-1.zip: 89%
2024-03-09T15:24:42.069Z [Modules] Streaming discord_spellcheck@1 to /home/pietroballarin/.config/discord/0.0.44/modules/pending/discord_spellcheck-1.zip: 90%
2024-03-09T15:24:42.071Z [Modules] Streaming discord_spellcheck@1 to /home/pietroballarin/.config/discord/0.0.44/modules/pending/discord_spellcheck-1.zip: 91%
2024-03-09T15:24:42.071Z [Modules] Streaming discord_spellcheck@1 to /home/pietroballarin/.config/discord/0.0.44/modules/pending/discord_spellcheck-1.zip: 92%
2024-03-09T15:24:42.074Z [Modules] Streaming discord_spellcheck@1 to /home/pietroballarin/.config/discord/0.0.44/modules/pending/discord_spellcheck-1.zip: 95%
2024-03-09T15:24:42.075Z [Modules] Streaming discord_spellcheck@1 to /home/pietroballarin/.config/discord/0.0.44/modules/pending/discord_spellcheck-1.zip: 96%
2024-03-09T15:24:42.076Z [Modules] Streaming discord_spellcheck@1 to /home/pietroballarin/.config/discord/0.0.44/modules/pending/discord_spellcheck-1.zip: 97%
2024-03-09T15:24:42.077Z [Modules] Streaming discord_spellcheck@1 to /home/pietroballarin/.config/discord/0.0.44/modules/pending/discord_spellcheck-1.zip: 98%
2024-03-09T15:24:42.078Z [Modules] Streaming discord_spellcheck@1 to /home/pietroballarin/.config/discord/0.0.44/modules/pending/discord_spellcheck-1.zip: 99%
2024-03-09T15:24:42.078Z [Modules] Streaming discord_spellcheck@1 to /home/pietroballarin/.config/discord/0.0.44/modules/pending/discord_spellcheck-1.zip: 100%
2024-03-09T15:24:42.080Z [Modules] Fetching discord_utils@1 from https://discord.com/api/modules/stable/discord_utils/1
2024-03-09T15:24:42.080Z [Modules] Streaming discord_utils@1 to /home/pietroballarin/.config/discord/0.0.44/modules/pending/discord_utils-1.zip
2024-03-09T15:24:42.302Z [Modules] Streaming discord_utils@1 to /home/pietroballarin/.config/discord/0.0.44/modules/pending/discord_utils-1.zip: 2%
2024-03-09T15:24:42.303Z [Modules] Streaming discord_utils@1 to /home/pietroballarin/.config/discord/0.0.44/modules/pending/discord_utils-1.zip: 6%
2024-03-09T15:24:42.305Z [Modules] Streaming discord_utils@1 to /home/pietroballarin/.config/discord/0.0.44/modules/pending/discord_utils-1.zip: 8%
2024-03-09T15:24:42.308Z [Modules] Streaming discord_utils@1 to /home/pietroballarin/.config/discord/0.0.44/modules/pending/discord_utils-1.zip: 10%
2024-03-09T15:24:42.309Z [Modules] Streaming discord_utils@1 to /home/pietroballarin/.config/discord/0.0.44/modules/pending/discord_utils-1.zip: 12%
2024-03-09T15:24:42.309Z [Modules] Streaming discord_utils@1 to /home/pietroballarin/.config/discord/0.0.44/modules/pending/discord_utils-1.zip: 14%
2024-03-09T15:24:42.310Z [Modules] Streaming discord_utils@1 to /home/pietroballarin/.config/discord/0.0.44/modules/pending/discord_utils-1.zip: 16%
2024-03-09T15:24:42.311Z [Modules] Streaming discord_utils@1 to /home/pietroballarin/.config/discord/0.0.44/modules/pending/discord_utils-1.zip: 18%
2024-03-09T15:24:42.311Z [Modules] Streaming discord_utils@1 to /home/pietroballarin/.config/discord/0.0.44/modules/pending/discord_utils-1.zip: 21%
2024-03-09T15:24:42.312Z [Modules] Streaming discord_utils@1 to /home/pietroballarin/.config/discord/0.0.44/modules/pending/discord_utils-1.zip: 23%
2024-03-09T15:24:42.313Z [Modules] Streaming discord_utils@1 to /home/pietroballarin/.config/discord/0.0.44/modules/pending/discord_utils-1.zip: 25%
2024-03-09T15:24:42.314Z [Modules] Streaming discord_utils@1 to /home/pietroballarin/.config/discord/0.0.44/modules/pending/discord_utils-1.zip: 27%
2024-03-09T15:24:42.314Z [Modules] Streaming discord_utils@1 to /home/pietroballarin/.config/discord/0.0.44/modules/pending/discord_utils-1.zip: 29%
2024-03-09T15:24:42.315Z [Modules] Streaming discord_utils@1 to /home/pietroballarin/.config/discord/0.0.44/modules/pending/discord_utils-1.zip: 31%
2024-03-09T15:24:42.324Z [Modules] Streaming discord_utils@1 to /home/pietroballarin/.config/discord/0.0.44/modules/pending/discord_utils-1.zip: 33%
2024-03-09T15:24:42.324Z [Modules] Streaming discord_utils@1 to /home/pietroballarin/.config/discord/0.0.44/modules/pending/discord_utils-1.zip: 35%
2024-03-09T15:24:42.325Z [Modules] Streaming discord_utils@1 to /home/pietroballarin/.config/discord/0.0.44/modules/pending/discord_utils-1.zip: 37%
2024-03-09T15:24:42.326Z [Modules] Streaming discord_utils@1 to /home/pietroballarin/.config/discord/0.0.44/modules/pending/discord_utils-1.zip: 39%
2024-03-09T15:24:42.326Z [Modules] Streaming discord_utils@1 to /home/pietroballarin/.config/discord/0.0.44/modules/pending/discord_utils-1.zip: 44%
2024-03-09T15:24:42.327Z [Modules] Streaming discord_utils@1 to /home/pietroballarin/.config/discord/0.0.44/modules/pending/discord_utils-1.zip: 46%
2024-03-09T15:24:42.329Z [Modules] Streaming discord_utils@1 to /home/pietroballarin/.config/discord/0.0.44/modules/pending/discord_utils-1.zip: 48%
2024-03-09T15:24:42.329Z [Modules] Streaming discord_utils@1 to /home/pietroballarin/.config/discord/0.0.44/modules/pending/discord_utils-1.zip: 50%
2024-03-09T15:24:42.330Z [Modules] Streaming discord_utils@1 to /home/pietroballarin/.config/discord/0.0.44/modules/pending/discord_utils-1.zip: 52%
2024-03-09T15:24:42.330Z [Modules] Streaming discord_utils@1 to /home/pietroballarin/.config/discord/0.0.44/modules/pending/discord_utils-1.zip: 54%
2024-03-09T15:24:42.331Z [Modules] Streaming discord_utils@1 to /home/pietroballarin/.config/discord/0.0.44/modules/pending/discord_utils-1.zip: 56%
2024-03-09T15:24:42.332Z [Modules] Streaming discord_utils@1 to /home/pietroballarin/.config/discord/0.0.44/modules/pending/discord_utils-1.zip: 58%
2024-03-09T15:24:42.332Z [Modules] Streaming discord_utils@1 to /home/pietroballarin/.config/discord/0.0.44/modules/pending/discord_utils-1.zip: 61%
2024-03-09T15:24:42.339Z [Modules] Streaming discord_utils@1 to /home/pietroballarin/.config/discord/0.0.44/modules/pending/discord_utils-1.zip: 63%
2024-03-09T15:24:42.340Z [Modules] Streaming discord_utils@1 to /home/pietroballarin/.config/discord/0.0.44/modules/pending/discord_utils-1.zip: 65%
2024-03-09T15:24:42.340Z [Modules] Streaming discord_utils@1 to /home/pietroballarin/.config/discord/0.0.44/modules/pending/discord_utils-1.zip: 67%
2024-03-09T15:24:42.341Z [Modules] Streaming discord_utils@1 to /home/pietroballarin/.config/discord/0.0.44/modules/pending/discord_utils-1.zip: 70%
2024-03-09T15:24:42.342Z [Modules] Streaming discord_utils@1 to /home/pietroballarin/.config/discord/0.0.44/modules/pending/discord_utils-1.zip: 72%
2024-03-09T15:24:42.342Z [Modules] Streaming discord_utils@1 to /home/pietroballarin/.config/discord/0.0.44/modules/pending/discord_utils-1.zip: 74%
2024-03-09T15:24:42.343Z [Modules] Streaming discord_utils@1 to /home/pietroballarin/.config/discord/0.0.44/modules/pending/discord_utils-1.zip: 76%
2024-03-09T15:24:42.344Z [Modules] Streaming discord_utils@1 to /home/pietroballarin/.config/discord/0.0.44/modules/pending/discord_utils-1.zip: 80%
2024-03-09T15:24:42.345Z [Modules] Streaming discord_utils@1 to /home/pietroballarin/.config/discord/0.0.44/modules/pending/discord_utils-1.zip: 82%
2024-03-09T15:24:42.345Z [Modules] Streaming discord_utils@1 to /home/pietroballarin/.config/discord/0.0.44/modules/pending/discord_utils-1.zip: 84%
2024-03-09T15:24:42.346Z [Modules] Streaming discord_utils@1 to /home/pietroballarin/.config/discord/0.0.44/modules/pending/discord_utils-1.zip: 86%
2024-03-09T15:24:42.346Z [Modules] Streaming discord_utils@1 to /home/pietroballarin/.config/discord/0.0.44/modules/pending/discord_utils-1.zip: 89%
2024-03-09T15:24:42.347Z [Modules] Streaming discord_utils@1 to /home/pietroballarin/.config/discord/0.0.44/modules/pending/discord_utils-1.zip: 91%
2024-03-09T15:24:42.347Z [Modules] Streaming discord_utils@1 to /home/pietroballarin/.config/discord/0.0.44/modules/pending/discord_utils-1.zip: 93%
2024-03-09T15:24:42.348Z [Modules] Streaming discord_utils@1 to /home/pietroballarin/.config/discord/0.0.44/modules/pending/discord_utils-1.zip: 95%
2024-03-09T15:24:42.348Z [Modules] Streaming discord_utils@1 to /home/pietroballarin/.config/discord/0.0.44/modules/pending/discord_utils-1.zip: 97%
2024-03-09T15:24:42.349Z [Modules] Streaming discord_utils@1 to /home/pietroballarin/.config/discord/0.0.44/modules/pending/discord_utils-1.zip: 99%
2024-03-09T15:24:42.349Z [Modules] Streaming discord_utils@1 to /home/pietroballarin/.config/discord/0.0.44/modules/pending/discord_utils-1.zip: 100%
2024-03-09T15:24:42.350Z [Modules] Fetching discord_voice@1 from https://discord.com/api/modules/stable/discord_voice/1
2024-03-09T15:24:42.351Z [Modules] Streaming discord_voice@1 to /home/pietroballarin/.config/discord/0.0.44/modules/pending/discord_voice-1.zip
2024-03-09T15:24:42.531Z [Modules] Streaming discord_voice@1 to /home/pietroballarin/.config/discord/0.0.44/modules/pending/discord_voice-1.zip: 1%
2024-03-09T15:24:42.533Z [Modules] Streaming discord_voice@1 to /home/pietroballarin/.config/discord/0.0.44/modules/pending/discord_voice-1.zip: 2%
2024-03-09T15:24:42.536Z [Modules] Streaming discord_voice@1 to /home/pietroballarin/.config/discord/0.0.44/modules/pending/discord_voice-1.zip: 3%
2024-03-09T15:24:42.539Z [Modules] Streaming discord_voice@1 to /home/pietroballarin/.config/discord/0.0.44/modules/pending/discord_voice-1.zip: 4%
2024-03-09T15:24:42.541Z [Modules] Streaming discord_voice@1 to /home/pietroballarin/.config/discord/0.0.44/modules/pending/discord_voice-1.zip: 5%
2024-03-09T15:24:42.543Z [Modules] Streaming discord_voice@1 to /home/pietroballarin/.config/discord/0.0.44/modules/pending/discord_voice-1.zip: 6%
2024-03-09T15:24:42.545Z [Modules] Streaming discord_voice@1 to /home/pietroballarin/.config/discord/0.0.44/modules/pending/discord_voice-1.zip: 7%
2024-03-09T15:24:42.547Z [Modules] Streaming discord_voice@1 to /home/pietroballarin/.config/discord/0.0.44/modules/pending/discord_voice-1.zip: 8%
2024-03-09T15:24:42.549Z [Modules] Streaming discord_voice@1 to /home/pietroballarin/.config/discord/0.0.44/modules/pending/discord_voice-1.zip: 9%
2024-03-09T15:24:42.552Z [Modules] Streaming discord_voice@1 to /home/pietroballarin/.config/discord/0.0.44/modules/pending/discord_voice-1.zip: 10%
2024-03-09T15:24:42.555Z [Modules] Streaming discord_voice@1 to /home/pietroballarin/.config/discord/0.0.44/modules/pending/discord_voice-1.zip: 11%
2024-03-09T15:24:42.557Z [Modules] Streaming discord_voice@1 to /home/pietroballarin/.config/discord/0.0.44/modules/pending/discord_voice-1.zip: 12%
2024-03-09T15:24:42.560Z [Modules] Streaming discord_voice@1 to /home/pietroballarin/.config/discord/0.0.44/modules/pending/discord_voice-1.zip: 13%
2024-03-09T15:24:42.562Z [Modules] Streaming discord_voice@1 to /home/pietroballarin/.config/discord/0.0.44/modules/pending/discord_voice-1.zip: 14%
2024-03-09T15:24:42.564Z [Modules] Streaming discord_voice@1 to /home/pietroballarin/.config/discord/0.0.44/modules/pending/discord_voice-1.zip: 15%
2024-03-09T15:24:42.566Z [Modules] Streaming discord_voice@1 to /home/pietroballarin/.config/discord/0.0.44/modules/pending/discord_voice-1.zip: 16%
2024-03-09T15:24:42.568Z [Modules] Streaming discord_voice@1 to /home/pietroballarin/.config/discord/0.0.44/modules/pending/discord_voice-1.zip: 17%
2024-03-09T15:24:42.574Z [Modules] Streaming discord_voice@1 to /home/pietroballarin/.config/discord/0.0.44/modules/pending/discord_voice-1.zip: 18%
2024-03-09T15:24:42.581Z [Modules] Streaming discord_voice@1 to /home/pietroballarin/.config/discord/0.0.44/modules/pending/discord_voice-1.zip: 19%
2024-03-09T15:24:42.583Z [Modules] Streaming discord_voice@1 to /home/pietroballarin/.config/discord/0.0.44/modules/pending/discord_voice-1.zip: 20%
2024-03-09T15:24:42.585Z [Modules] Streaming discord_voice@1 to /home/pietroballarin/.config/discord/0.0.44/modules/pending/discord_voice-1.zip: 21%
2024-03-09T15:24:42.588Z [Modules] Streaming discord_voice@1 to /home/pietroballarin/.config/discord/0.0.44/modules/pending/discord_voice-1.zip: 22%
2024-03-09T15:24:42.591Z [Modules] Streaming discord_voice@1 to /home/pietroballarin/.config/discord/0.0.44/modules/pending/discord_voice-1.zip: 23%
2024-03-09T15:24:42.594Z [Modules] Streaming discord_voice@1 to /home/pietroballarin/.config/discord/0.0.44/modules/pending/discord_voice-1.zip: 24%
2024-03-09T15:24:42.596Z [Modules] Streaming discord_voice@1 to /home/pietroballarin/.config/discord/0.0.44/modules/pending/discord_voice-1.zip: 25%
2024-03-09T15:24:42.598Z [Modules] Streaming discord_voice@1 to /home/pietroballarin/.config/discord/0.0.44/modules/pending/discord_voice-1.zip: 26%
2024-03-09T15:24:42.600Z [Modules] Streaming discord_voice@1 to /home/pietroballarin/.config/discord/0.0.44/modules/pending/discord_voice-1.zip: 27%
2024-03-09T15:24:42.603Z [Modules] Streaming discord_voice@1 to /home/pietroballarin/.config/discord/0.0.44/modules/pending/discord_voice-1.zip: 28%
2024-03-09T15:24:42.605Z [Modules] Streaming discord_voice@1 to /home/pietroballarin/.config/discord/0.0.44/modules/pending/discord_voice-1.zip: 29%
2024-03-09T15:24:42.607Z [Modules] Streaming discord_voice@1 to /home/pietroballarin/.config/discord/0.0.44/modules/pending/discord_voice-1.zip: 30%
2024-03-09T15:24:42.609Z [Modules] Streaming discord_voice@1 to /home/pietroballarin/.config/discord/0.0.44/modules/pending/discord_voice-1.zip: 31%
2024-03-09T15:24:42.612Z [Modules] Streaming discord_voice@1 to /home/pietroballarin/.config/discord/0.0.44/modules/pending/discord_voice-1.zip: 32%
2024-03-09T15:24:42.614Z [Modules] Streaming discord_voice@1 to /home/pietroballarin/.config/discord/0.0.44/modules/pending/discord_voice-1.zip: 33%
2024-03-09T15:24:42.616Z [Modules] Streaming discord_voice@1 to /home/pietroballarin/.config/discord/0.0.44/modules/pending/discord_voice-1.zip: 34%
2024-03-09T15:24:42.619Z [Modules] Streaming discord_voice@1 to /home/pietroballarin/.config/discord/0.0.44/modules/pending/discord_voice-1.zip: 35%
2024-03-09T15:24:42.621Z [Modules] Streaming discord_voice@1 to /home/pietroballarin/.config/discord/0.0.44/modules/pending/discord_voice-1.zip: 36%
2024-03-09T15:24:42.623Z [Modules] Streaming discord_voice@1 to /home/pietroballarin/.config/discord/0.0.44/modules/pending/discord_voice-1.zip: 37%
2024-03-09T15:24:42.625Z [Modules] Streaming discord_voice@1 to /home/pietroballarin/.config/discord/0.0.44/modules/pending/discord_voice-1.zip: 38%
2024-03-09T15:24:42.628Z [Modules] Streaming discord_voice@1 to /home/pietroballarin/.config/discord/0.0.44/modules/pending/discord_voice-1.zip: 39%
2024-03-09T15:24:42.630Z [Modules] Streaming discord_voice@1 to /home/pietroballarin/.config/discord/0.0.44/modules/pending/discord_voice-1.zip: 40%
2024-03-09T15:24:42.632Z [Modules] Streaming discord_voice@1 to /home/pietroballarin/.config/discord/0.0.44/modules/pending/discord_voice-1.zip: 41%
2024-03-09T15:24:42.636Z [Modules] Streaming discord_voice@1 to /home/pietroballarin/.config/discord/0.0.44/modules/pending/discord_voice-1.zip: 42%
2024-03-09T15:24:42.641Z [Modules] Streaming discord_voice@1 to /home/pietroballarin/.config/discord/0.0.44/modules/pending/discord_voice-1.zip: 43%
2024-03-09T15:24:42.643Z [Modules] Streaming discord_voice@1 to /home/pietroballarin/.config/discord/0.0.44/modules/pending/discord_voice-1.zip: 44%
2024-03-09T15:24:42.645Z [Modules] Streaming discord_voice@1 to /home/pietroballarin/.config/discord/0.0.44/modules/pending/discord_voice-1.zip: 45%
2024-03-09T15:24:42.648Z [Modules] Streaming discord_voice@1 to /home/pietroballarin/.config/discord/0.0.44/modules/pending/discord_voice-1.zip: 46%
2024-03-09T15:24:42.652Z [Modules] Streaming discord_voice@1 to /home/pietroballarin/.config/discord/0.0.44/modules/pending/discord_voice-1.zip: 47%
2024-03-09T15:24:42.658Z [Modules] Streaming discord_voice@1 to /home/pietroballarin/.config/discord/0.0.44/modules/pending/discord_voice-1.zip: 48%
2024-03-09T15:24:42.663Z [Modules] Streaming discord_voice@1 to /home/pietroballarin/.config/discord/0.0.44/modules/pending/discord_voice-1.zip: 49%
2024-03-09T15:24:42.664Z [Modules] Streaming discord_voice@1 to /home/pietroballarin/.config/discord/0.0.44/modules/pending/discord_voice-1.zip: 50%
2024-03-09T15:24:42.665Z [Modules] Streaming discord_voice@1 to /home/pietroballarin/.config/discord/0.0.44/modules/pending/discord_voice-1.zip: 51%
2024-03-09T15:24:42.672Z [Modules] Streaming discord_voice@1 to /home/pietroballarin/.config/discord/0.0.44/modules/pending/discord_voice-1.zip: 52%
2024-03-09T15:24:42.676Z [Modules] Streaming discord_voice@1 to /home/pietroballarin/.config/discord/0.0.44/modules/pending/discord_voice-1.zip: 53%
2024-03-09T15:24:42.681Z [Modules] Streaming discord_voice@1 to /home/pietroballarin/.config/discord/0.0.44/modules/pending/discord_voice-1.zip: 54%
2024-03-09T15:24:42.688Z [Modules] Streaming discord_voice@1 to /home/pietroballarin/.config/discord/0.0.44/modules/pending/discord_voice-1.zip: 55%
2024-03-09T15:24:42.690Z [Modules] Streaming discord_voice@1 to /home/pietroballarin/.config/discord/0.0.44/modules/pending/discord_voice-1.zip: 56%
2024-03-09T15:24:42.692Z [Modules] Streaming discord_voice@1 to /home/pietroballarin/.config/discord/0.0.44/modules/pending/discord_voice-1.zip: 57%
2024-03-09T15:24:42.700Z [Modules] Streaming discord_voice@1 to /home/pietroballarin/.config/discord/0.0.44/modules/pending/discord_voice-1.zip: 58%
2024-03-09T15:24:42.704Z [Modules] Streaming discord_voice@1 to /home/pietroballarin/.config/discord/0.0.44/modules/pending/discord_voice-1.zip: 59%
2024-03-09T15:24:42.719Z [Modules] Streaming discord_voice@1 to /home/pietroballarin/.config/discord/0.0.44/modules/pending/discord_voice-1.zip: 60%
2024-03-09T15:24:42.721Z [Modules] Streaming discord_voice@1 to /home/pietroballarin/.config/discord/0.0.44/modules/pending/discord_voice-1.zip: 61%
2024-03-09T15:24:42.727Z [Modules] Streaming discord_voice@1 to /home/pietroballarin/.config/discord/0.0.44/modules/pending/discord_voice-1.zip: 62%
2024-03-09T15:24:42.729Z [Modules] Streaming discord_voice@1 to /home/pietroballarin/.config/discord/0.0.44/modules/pending/discord_voice-1.zip: 63%
2024-03-09T15:24:42.731Z [Modules] Streaming discord_voice@1 to /home/pietroballarin/.config/discord/0.0.44/modules/pending/discord_voice-1.zip: 64%
2024-03-09T15:24:42.733Z [Modules] Streaming discord_voice@1 to /home/pietroballarin/.config/discord/0.0.44/modules/pending/discord_voice-1.zip: 65%
2024-03-09T15:24:42.738Z [Modules] Streaming discord_voice@1 to /home/pietroballarin/.config/discord/0.0.44/modules/pending/discord_voice-1.zip: 66%
2024-03-09T15:24:42.740Z [Modules] Streaming discord_voice@1 to /home/pietroballarin/.config/discord/0.0.44/modules/pending/discord_voice-1.zip: 67%
2024-03-09T15:24:42.742Z [Modules] Streaming discord_voice@1 to /home/pietroballarin/.config/discord/0.0.44/modules/pending/discord_voice-1.zip: 68%
2024-03-09T15:24:42.744Z [Modules] Streaming discord_voice@1 to /home/pietroballarin/.config/discord/0.0.44/modules/pending/discord_voice-1.zip: 69%
2024-03-09T15:24:42.747Z [Modules] Streaming discord_voice@1 to /home/pietroballarin/.config/discord/0.0.44/modules/pending/discord_voice-1.zip: 70%
2024-03-09T15:24:42.749Z [Modules] Streaming discord_voice@1 to /home/pietroballarin/.config/discord/0.0.44/modules/pending/discord_voice-1.zip: 71%
2024-03-09T15:24:42.752Z [Modules] Streaming discord_voice@1 to /home/pietroballarin/.config/discord/0.0.44/modules/pending/discord_voice-1.zip: 72%
2024-03-09T15:24:42.754Z [Modules] Streaming discord_voice@1 to /home/pietroballarin/.config/discord/0.0.44/modules/pending/discord_voice-1.zip: 73%
2024-03-09T15:24:42.757Z [Modules] Streaming discord_voice@1 to /home/pietroballarin/.config/discord/0.0.44/modules/pending/discord_voice-1.zip: 74%
2024-03-09T15:24:42.759Z [Modules] Streaming discord_voice@1 to /home/pietroballarin/.config/discord/0.0.44/modules/pending/discord_voice-1.zip: 75%
2024-03-09T15:24:42.761Z [Modules] Streaming discord_voice@1 to /home/pietroballarin/.config/discord/0.0.44/modules/pending/discord_voice-1.zip: 76%
2024-03-09T15:24:42.763Z [Modules] Streaming discord_voice@1 to /home/pietroballarin/.config/discord/0.0.44/modules/pending/discord_voice-1.zip: 77%
2024-03-09T15:24:42.766Z [Modules] Streaming discord_voice@1 to /home/pietroballarin/.config/discord/0.0.44/modules/pending/discord_voice-1.zip: 78%
2024-03-09T15:24:42.768Z [Modules] Streaming discord_voice@1 to /home/pietroballarin/.config/discord/0.0.44/modules/pending/discord_voice-1.zip: 79%
2024-03-09T15:24:42.779Z [Modules] Streaming discord_voice@1 to /home/pietroballarin/.config/discord/0.0.44/modules/pending/discord_voice-1.zip: 80%
2024-03-09T15:24:42.783Z [Modules] Streaming discord_voice@1 to /home/pietroballarin/.config/discord/0.0.44/modules/pending/discord_voice-1.zip: 81%
2024-03-09T15:24:42.790Z [Modules] Streaming discord_voice@1 to /home/pietroballarin/.config/discord/0.0.44/modules/pending/discord_voice-1.zip: 82%
2024-03-09T15:24:42.792Z [Modules] Streaming discord_voice@1 to /home/pietroballarin/.config/discord/0.0.44/modules/pending/discord_voice-1.zip: 83%
2024-03-09T15:24:42.794Z [Modules] Streaming discord_voice@1 to /home/pietroballarin/.config/discord/0.0.44/modules/pending/discord_voice-1.zip: 84%
2024-03-09T15:24:42.796Z [Modules] Streaming discord_voice@1 to /home/pietroballarin/.config/discord/0.0.44/modules/pending/discord_voice-1.zip: 85%
2024-03-09T15:24:42.799Z [Modules] Streaming discord_voice@1 to /home/pietroballarin/.config/discord/0.0.44/modules/pending/discord_voice-1.zip: 86%
2024-03-09T15:24:42.801Z [Modules] Streaming discord_voice@1 to /home/pietroballarin/.config/discord/0.0.44/modules/pending/discord_voice-1.zip: 87%
2024-03-09T15:24:42.805Z [Modules] Streaming discord_voice@1 to /home/pietroballarin/.config/discord/0.0.44/modules/pending/discord_voice-1.zip: 88%
2024-03-09T15:24:42.807Z [Modules] Streaming discord_voice@1 to /home/pietroballarin/.config/discord/0.0.44/modules/pending/discord_voice-1.zip: 89%
2024-03-09T15:24:42.810Z [Modules] Streaming discord_voice@1 to /home/pietroballarin/.config/discord/0.0.44/modules/pending/discord_voice-1.zip: 90%
2024-03-09T15:24:42.812Z [Modules] Streaming discord_voice@1 to /home/pietroballarin/.config/discord/0.0.44/modules/pending/discord_voice-1.zip: 91%
2024-03-09T15:24:42.814Z [Modules] Streaming discord_voice@1 to /home/pietroballarin/.config/discord/0.0.44/modules/pending/discord_voice-1.zip: 92%
2024-03-09T15:24:42.816Z [Modules] Streaming discord_voice@1 to /home/pietroballarin/.config/discord/0.0.44/modules/pending/discord_voice-1.zip: 93%
2024-03-09T15:24:42.819Z [Modules] Streaming discord_voice@1 to /home/pietroballarin/.config/discord/0.0.44/modules/pending/discord_voice-1.zip: 94%
2024-03-09T15:24:42.821Z [Modules] Streaming discord_voice@1 to /home/pietroballarin/.config/discord/0.0.44/modules/pending/discord_voice-1.zip: 95%
2024-03-09T15:24:42.823Z [Modules] Streaming discord_voice@1 to /home/pietroballarin/.config/discord/0.0.44/modules/pending/discord_voice-1.zip: 96%
2024-03-09T15:24:42.825Z [Modules] Streaming discord_voice@1 to /home/pietroballarin/.config/discord/0.0.44/modules/pending/discord_voice-1.zip: 97%
2024-03-09T15:24:42.828Z [Modules] Streaming discord_voice@1 to /home/pietroballarin/.config/discord/0.0.44/modules/pending/discord_voice-1.zip: 98%
2024-03-09T15:24:42.830Z [Modules] Streaming discord_voice@1 to /home/pietroballarin/.config/discord/0.0.44/modules/pending/discord_voice-1.zip: 99%
2024-03-09T15:24:42.832Z [Modules] Streaming discord_voice@1 to /home/pietroballarin/.config/discord/0.0.44/modules/pending/discord_voice-1.zip: 100%
2024-03-09T15:24:42.833Z [Modules] Finished module downloads. [success: 5] [failure: 0]
2024-03-09T15:24:42.834Z [Modules] Installing updates...
2024-03-09T15:24:42.834Z [Modules] Installing discord_desktop_core@1 from /home/pietroballarin/.config/discord/0.0.44/modules/pending/discord_desktop_core-1.zip
2024-03-09T15:24:42.905Z [Modules] Installing discord_erlpack@1 from /home/pietroballarin/.config/discord/0.0.44/modules/pending/discord_erlpack-1.zip
2024-03-09T15:24:42.954Z [Modules] Installing discord_spellcheck@1 from /home/pietroballarin/.config/discord/0.0.44/modules/pending/discord_spellcheck-1.zip
2024-03-09T15:24:43.712Z [Modules] Installing discord_utils@1 from /home/pietroballarin/.config/discord/0.0.44/modules/pending/discord_utils-1.zip
2024-03-09T15:24:43.826Z [Modules] Installing discord_voice@1 from /home/pietroballarin/.config/discord/0.0.44/modules/pending/discord_voice-1.zip
2024-03-09T15:24:44.415Z [Modules] Finished module installations. [success: 5] [failure: 0]
2024-03-09T15:24:44.416Z [Modules] Checking for host updates.
2024-03-09T15:24:44.569Z [Modules] Host is up to date.
2024-03-09T15:24:44.569Z [Modules] Checking for module updates at https://discord.com/api/modules/stable/versions.json
2024-03-09T15:24:44.571Z [Modules] No module updates available.
2024-03-09T15:24:45.974Z [Modules] Starting to install discord_krisp...
2024-03-09T15:24:45.975Z [Modules] Fetching discord_krisp@1 from https://discord.com/api/modules/stable/discord_krisp/1
2024-03-09T15:24:45.975Z [Modules] Streaming discord_krisp@1 to /home/pietroballarin/.config/discord/0.0.44/modules/pending/discord_krisp-1.zip
2024-03-09T15:24:45.983Z [Modules] Starting to install discord_game_utils...
2024-03-09T15:24:46.173Z [Modules] Streaming discord_krisp@1 to /home/pietroballarin/.config/discord/0.0.44/modules/pending/discord_krisp-1.zip: 1%
2024-03-09T15:24:46.175Z [Modules] Streaming discord_krisp@1 to /home/pietroballarin/.config/discord/0.0.44/modules/pending/discord_krisp-1.zip: 2%
2024-03-09T15:24:46.177Z [Modules] Streaming discord_krisp@1 to /home/pietroballarin/.config/discord/0.0.44/modules/pending/discord_krisp-1.zip: 3%
2024-03-09T15:24:46.201Z [Modules] Streaming discord_krisp@1 to /home/pietroballarin/.config/discord/0.0.44/modules/pending/discord_krisp-1.zip: 4%
2024-03-09T15:24:46.202Z [Modules] Streaming discord_krisp@1 to /home/pietroballarin/.config/discord/0.0.44/modules/pending/discord_krisp-1.zip: 5%
2024-03-09T15:24:46.213Z [Modules] Streaming discord_krisp@1 to /home/pietroballarin/.config/discord/0.0.44/modules/pending/discord_krisp-1.zip: 6%
2024-03-09T15:24:46.215Z [Modules] Streaming discord_krisp@1 to /home/pietroballarin/.config/discord/0.0.44/modules/pending/discord_krisp-1.zip: 7%
2024-03-09T15:24:46.230Z [Modules] Streaming discord_krisp@1 to /home/pietroballarin/.config/discord/0.0.44/modules/pending/discord_krisp-1.zip: 8%
2024-03-09T15:24:46.234Z [Modules] Streaming discord_krisp@1 to /home/pietroballarin/.config/discord/0.0.44/modules/pending/discord_krisp-1.zip: 9%
2024-03-09T15:24:46.243Z [Modules] Streaming discord_krisp@1 to /home/pietroballarin/.config/discord/0.0.44/modules/pending/discord_krisp-1.zip: 10%
2024-03-09T15:24:46.246Z [Modules] Streaming discord_krisp@1 to /home/pietroballarin/.config/discord/0.0.44/modules/pending/discord_krisp-1.zip: 11%
2024-03-09T15:24:46.254Z [Modules] Streaming discord_krisp@1 to /home/pietroballarin/.config/discord/0.0.44/modules/pending/discord_krisp-1.zip: 12%
2024-03-09T15:24:46.257Z [Modules] Streaming discord_krisp@1 to /home/pietroballarin/.config/discord/0.0.44/modules/pending/discord_krisp-1.zip: 13%
2024-03-09T15:24:46.260Z [Modules] Streaming discord_krisp@1 to /home/pietroballarin/.config/discord/0.0.44/modules/pending/discord_krisp-1.zip: 15%
2024-03-09T15:24:46.270Z [Modules] Streaming discord_krisp@1 to /home/pietroballarin/.config/discord/0.0.44/modules/pending/discord_krisp-1.zip: 16%
2024-03-09T15:24:46.274Z [Modules] Streaming discord_krisp@1 to /home/pietroballarin/.config/discord/0.0.44/modules/pending/discord_krisp-1.zip: 17%
2024-03-09T15:24:46.276Z [Modules] Streaming discord_krisp@1 to /home/pietroballarin/.config/discord/0.0.44/modules/pending/discord_krisp-1.zip: 18%
2024-03-09T15:24:46.278Z [Modules] Streaming discord_krisp@1 to /home/pietroballarin/.config/discord/0.0.44/modules/pending/discord_krisp-1.zip: 19%
2024-03-09T15:24:46.282Z [Modules] Streaming discord_krisp@1 to /home/pietroballarin/.config/discord/0.0.44/modules/pending/discord_krisp-1.zip: 20%
2024-03-09T15:24:46.283Z [Modules] Streaming discord_krisp@1 to /home/pietroballarin/.config/discord/0.0.44/modules/pending/discord_krisp-1.zip: 21%
2024-03-09T15:24:46.305Z [Modules] Streaming discord_krisp@1 to /home/pietroballarin/.config/discord/0.0.44/modules/pending/discord_krisp-1.zip: 22%
2024-03-09T15:24:46.305Z [Modules] Streaming discord_krisp@1 to /home/pietroballarin/.config/discord/0.0.44/modules/pending/discord_krisp-1.zip: 23%
2024-03-09T15:24:46.306Z [Modules] Streaming discord_krisp@1 to /home/pietroballarin/.config/discord/0.0.44/modules/pending/discord_krisp-1.zip: 24%
2024-03-09T15:24:46.308Z [Modules] Streaming discord_krisp@1 to /home/pietroballarin/.config/discord/0.0.44/modules/pending/discord_krisp-1.zip: 25%
2024-03-09T15:24:46.321Z [Modules] Streaming discord_krisp@1 to /home/pietroballarin/.config/discord/0.0.44/modules/pending/discord_krisp-1.zip: 26%
2024-03-09T15:24:46.323Z [Modules] Streaming discord_krisp@1 to /home/pietroballarin/.config/discord/0.0.44/modules/pending/discord_krisp-1.zip: 27%
2024-03-09T15:24:46.325Z [Modules] Streaming discord_krisp@1 to /home/pietroballarin/.config/discord/0.0.44/modules/pending/discord_krisp-1.zip: 28%
2024-03-09T15:24:46.331Z [Modules] Streaming discord_krisp@1 to /home/pietroballarin/.config/discord/0.0.44/modules/pending/discord_krisp-1.zip: 29%
2024-03-09T15:24:46.333Z [Modules] Streaming discord_krisp@1 to /home/pietroballarin/.config/discord/0.0.44/modules/pending/discord_krisp-1.zip: 30%
2024-03-09T15:24:46.337Z [Modules] Streaming discord_krisp@1 to /home/pietroballarin/.config/discord/0.0.44/modules/pending/discord_krisp-1.zip: 31%
2024-03-09T15:24:46.339Z [Modules] Streaming discord_krisp@1 to /home/pietroballarin/.config/discord/0.0.44/modules/pending/discord_krisp-1.zip: 32%
2024-03-09T15:24:46.344Z [Modules] Streaming discord_krisp@1 to /home/pietroballarin/.config/discord/0.0.44/modules/pending/discord_krisp-1.zip: 33%
2024-03-09T15:24:46.438Z [Modules] Streaming discord_krisp@1 to /home/pietroballarin/.config/discord/0.0.44/modules/pending/discord_krisp-1.zip: 34%
2024-03-09T15:24:46.455Z [Modules] Streaming discord_krisp@1 to /home/pietroballarin/.config/discord/0.0.44/modules/pending/discord_krisp-1.zip: 35%
2024-03-09T15:24:46.456Z [Modules] Streaming discord_krisp@1 to /home/pietroballarin/.config/discord/0.0.44/modules/pending/discord_krisp-1.zip: 36%
2024-03-09T15:24:46.456Z [Modules] Streaming discord_krisp@1 to /home/pietroballarin/.config/discord/0.0.44/modules/pending/discord_krisp-1.zip: 37%
2024-03-09T15:24:46.457Z [Modules] Streaming discord_krisp@1 to /home/pietroballarin/.config/discord/0.0.44/modules/pending/discord_krisp-1.zip: 38%
2024-03-09T15:24:46.458Z [Modules] Streaming discord_krisp@1 to /home/pietroballarin/.config/discord/0.0.44/modules/pending/discord_krisp-1.zip: 39%
2024-03-09T15:24:46.458Z [Modules] Streaming discord_krisp@1 to /home/pietroballarin/.config/discord/0.0.44/modules/pending/discord_krisp-1.zip: 40%
2024-03-09T15:24:46.459Z [Modules] Streaming discord_krisp@1 to /home/pietroballarin/.config/discord/0.0.44/modules/pending/discord_krisp-1.zip: 41%
2024-03-09T15:24:46.460Z [Modules] Streaming discord_krisp@1 to /home/pietroballarin/.config/discord/0.0.44/modules/pending/discord_krisp-1.zip: 42%
2024-03-09T15:24:46.460Z [Modules] Streaming discord_krisp@1 to /home/pietroballarin/.config/discord/0.0.44/modules/pending/discord_krisp-1.zip: 43%
2024-03-09T15:24:46.461Z [Modules] Streaming discord_krisp@1 to /home/pietroballarin/.config/discord/0.0.44/modules/pending/discord_krisp-1.zip: 44%
2024-03-09T15:24:46.461Z [Modules] Streaming discord_krisp@1 to /home/pietroballarin/.config/discord/0.0.44/modules/pending/discord_krisp-1.zip: 45%
2024-03-09T15:24:46.462Z [Modules] Streaming discord_krisp@1 to /home/pietroballarin/.config/discord/0.0.44/modules/pending/discord_krisp-1.zip: 46%
2024-03-09T15:24:46.463Z [Modules] Streaming discord_krisp@1 to /home/pietroballarin/.config/discord/0.0.44/modules/pending/discord_krisp-1.zip: 47%
2024-03-09T15:24:46.463Z [Modules] Streaming discord_krisp@1 to /home/pietroballarin/.config/discord/0.0.44/modules/pending/discord_krisp-1.zip: 48%
2024-03-09T15:24:46.464Z [Modules] Streaming discord_krisp@1 to /home/pietroballarin/.config/discord/0.0.44/modules/pending/discord_krisp-1.zip: 49%
2024-03-09T15:24:46.464Z [Modules] Streaming discord_krisp@1 to /home/pietroballarin/.config/discord/0.0.44/modules/pending/discord_krisp-1.zip: 50%
2024-03-09T15:24:46.465Z [Modules] Streaming discord_krisp@1 to /home/pietroballarin/.config/discord/0.0.44/modules/pending/discord_krisp-1.zip: 51%
2024-03-09T15:24:46.465Z [Modules] Streaming discord_krisp@1 to /home/pietroballarin/.config/discord/0.0.44/modules/pending/discord_krisp-1.zip: 52%
2024-03-09T15:24:46.466Z [Modules] Streaming discord_krisp@1 to /home/pietroballarin/.config/discord/0.0.44/modules/pending/discord_krisp-1.zip: 54%
2024-03-09T15:24:46.466Z [Modules] Streaming discord_krisp@1 to /home/pietroballarin/.config/discord/0.0.44/modules/pending/discord_krisp-1.zip: 55%
2024-03-09T15:24:46.475Z [Modules] Streaming discord_krisp@1 to /home/pietroballarin/.config/discord/0.0.44/modules/pending/discord_krisp-1.zip: 56%
2024-03-09T15:24:46.479Z [Modules] Streaming discord_krisp@1 to /home/pietroballarin/.config/discord/0.0.44/modules/pending/discord_krisp-1.zip: 57%
2024-03-09T15:24:46.484Z [Modules] Streaming discord_krisp@1 to /home/pietroballarin/.config/discord/0.0.44/modules/pending/discord_krisp-1.zip: 58%
2024-03-09T15:24:46.486Z [Modules] Streaming discord_krisp@1 to /home/pietroballarin/.config/discord/0.0.44/modules/pending/discord_krisp-1.zip: 59%
2024-03-09T15:24:46.493Z [Modules] Streaming discord_krisp@1 to /home/pietroballarin/.config/discord/0.0.44/modules/pending/discord_krisp-1.zip: 60%
2024-03-09T15:24:46.501Z [Modules] Streaming discord_krisp@1 to /home/pietroballarin/.config/discord/0.0.44/modules/pending/discord_krisp-1.zip: 63%
2024-03-09T15:24:46.502Z [Modules] Streaming discord_krisp@1 to /home/pietroballarin/.config/discord/0.0.44/modules/pending/discord_krisp-1.zip: 64%
2024-03-09T15:24:46.503Z [Modules] Streaming discord_krisp@1 to /home/pietroballarin/.config/discord/0.0.44/modules/pending/discord_krisp-1.zip: 65%
2024-03-09T15:24:46.505Z [Modules] Streaming discord_krisp@1 to /home/pietroballarin/.config/discord/0.0.44/modules/pending/discord_krisp-1.zip: 66%
2024-03-09T15:24:46.509Z [Modules] Streaming discord_krisp@1 to /home/pietroballarin/.config/discord/0.0.44/modules/pending/discord_krisp-1.zip: 67%
2024-03-09T15:24:46.510Z [Modules] Streaming discord_krisp@1 to /home/pietroballarin/.config/discord/0.0.44/modules/pending/discord_krisp-1.zip: 68%
2024-03-09T15:24:46.517Z [Modules] Streaming discord_krisp@1 to /home/pietroballarin/.config/discord/0.0.44/modules/pending/discord_krisp-1.zip: 69%
2024-03-09T15:24:46.519Z [Modules] Streaming discord_krisp@1 to /home/pietroballarin/.config/discord/0.0.44/modules/pending/discord_krisp-1.zip: 70%
2024-03-09T15:24:46.521Z [Modules] Streaming discord_krisp@1 to /home/pietroballarin/.config/discord/0.0.44/modules/pending/discord_krisp-1.zip: 71%
2024-03-09T15:24:46.523Z [Modules] Streaming discord_krisp@1 to /home/pietroballarin/.config/discord/0.0.44/modules/pending/discord_krisp-1.zip: 72%
2024-03-09T15:24:46.538Z [Modules] Streaming discord_krisp@1 to /home/pietroballarin/.config/discord/0.0.44/modules/pending/discord_krisp-1.zip: 73%
2024-03-09T15:24:46.541Z [Modules] Streaming discord_krisp@1 to /home/pietroballarin/.config/discord/0.0.44/modules/pending/discord_krisp-1.zip: 74%
2024-03-09T15:24:46.545Z [Modules] Streaming discord_krisp@1 to /home/pietroballarin/.config/discord/0.0.44/modules/pending/discord_krisp-1.zip: 75%
2024-03-09T15:24:46.550Z [Modules] Streaming discord_krisp@1 to /home/pietroballarin/.config/discord/0.0.44/modules/pending/discord_krisp-1.zip: 76%
2024-03-09T15:24:46.552Z [Modules] Streaming discord_krisp@1 to /home/pietroballarin/.config/discord/0.0.44/modules/pending/discord_krisp-1.zip: 77%
2024-03-09T15:24:46.554Z [Modules] Streaming discord_krisp@1 to /home/pietroballarin/.config/discord/0.0.44/modules/pending/discord_krisp-1.zip: 78%
2024-03-09T15:24:46.556Z [Modules] Streaming discord_krisp@1 to /home/pietroballarin/.config/discord/0.0.44/modules/pending/discord_krisp-1.zip: 79%
2024-03-09T15:24:46.558Z [Modules] Streaming discord_krisp@1 to /home/pietroballarin/.config/discord/0.0.44/modules/pending/discord_krisp-1.zip: 80%
2024-03-09T15:24:46.560Z [Modules] Streaming discord_krisp@1 to /home/pietroballarin/.config/discord/0.0.44/modules/pending/discord_krisp-1.zip: 81%
2024-03-09T15:24:46.561Z [Modules] Streaming discord_krisp@1 to /home/pietroballarin/.config/discord/0.0.44/modules/pending/discord_krisp-1.zip: 82%
2024-03-09T15:24:46.563Z [Modules] Streaming discord_krisp@1 to /home/pietroballarin/.config/discord/0.0.44/modules/pending/discord_krisp-1.zip: 83%
2024-03-09T15:24:46.566Z [Modules] Streaming discord_krisp@1 to /home/pietroballarin/.config/discord/0.0.44/modules/pending/discord_krisp-1.zip: 84%
2024-03-09T15:24:46.567Z [Modules] Streaming discord_krisp@1 to /home/pietroballarin/.config/discord/0.0.44/modules/pending/discord_krisp-1.zip: 85%
2024-03-09T15:24:46.569Z [Modules] Streaming discord_krisp@1 to /home/pietroballarin/.config/discord/0.0.44/modules/pending/discord_krisp-1.zip: 86%
2024-03-09T15:24:46.571Z [Modules] Streaming discord_krisp@1 to /home/pietroballarin/.config/discord/0.0.44/modules/pending/discord_krisp-1.zip: 87%
2024-03-09T15:24:46.574Z [Modules] Streaming discord_krisp@1 to /home/pietroballarin/.config/discord/0.0.44/modules/pending/discord_krisp-1.zip: 88%
2024-03-09T15:24:46.576Z [Modules] Streaming discord_krisp@1 to /home/pietroballarin/.config/discord/0.0.44/modules/pending/discord_krisp-1.zip: 89%
2024-03-09T15:24:46.578Z [Modules] Streaming discord_krisp@1 to /home/pietroballarin/.config/discord/0.0.44/modules/pending/discord_krisp-1.zip: 90%
2024-03-09T15:24:46.579Z [Modules] Streaming discord_krisp@1 to /home/pietroballarin/.config/discord/0.0.44/modules/pending/discord_krisp-1.zip: 91%
2024-03-09T15:24:46.582Z [Modules] Streaming discord_krisp@1 to /home/pietroballarin/.config/discord/0.0.44/modules/pending/discord_krisp-1.zip: 92%
2024-03-09T15:24:46.583Z [Modules] Streaming discord_krisp@1 to /home/pietroballarin/.config/discord/0.0.44/modules/pending/discord_krisp-1.zip: 93%
2024-03-09T15:24:46.586Z [Modules] Streaming discord_krisp@1 to /home/pietroballarin/.config/discord/0.0.44/modules/pending/discord_krisp-1.zip: 94%
2024-03-09T15:24:46.587Z [Modules] Streaming discord_krisp@1 to /home/pietroballarin/.config/discord/0.0.44/modules/pending/discord_krisp-1.zip: 95%
2024-03-09T15:24:46.590Z [Modules] Streaming discord_krisp@1 to /home/pietroballarin/.config/discord/0.0.44/modules/pending/discord_krisp-1.zip: 96%
2024-03-09T15:24:46.591Z [Modules] Streaming discord_krisp@1 to /home/pietroballarin/.config/discord/0.0.44/modules/pending/discord_krisp-1.zip: 97%
2024-03-09T15:24:46.594Z [Modules] Streaming discord_krisp@1 to /home/pietroballarin/.config/discord/0.0.44/modules/pending/discord_krisp-1.zip: 98%
2024-03-09T15:24:46.632Z [Modules] Checking for host updates.
2024-03-09T15:24:46.718Z [Modules] Starting to install discord_rpc...
2024-03-09T15:24:46.758Z [Modules] Streaming discord_krisp@1 to /home/pietroballarin/.config/discord/0.0.44/modules/pending/discord_krisp-1.zip: 99%
2024-03-09T15:24:46.760Z [Modules] Streaming discord_krisp@1 to /home/pietroballarin/.config/discord/0.0.44/modules/pending/discord_krisp-1.zip: 100%
2024-03-09T15:24:46.760Z [Modules] Fetching discord_game_utils@1 from https://discord.com/api/modules/stable/discord_game_utils/1
2024-03-09T15:24:46.761Z [Modules] Streaming discord_game_utils@1 to /home/pietroballarin/.config/discord/0.0.44/modules/pending/discord_game_utils-1.zip
2024-03-09T15:24:46.761Z [Modules] Installing discord_krisp@1 from /home/pietroballarin/.config/discord/0.0.44/modules/pending/discord_krisp-1.zip
2024-03-09T15:24:46.789Z [Modules] Host is up to date.
2024-03-09T15:24:46.789Z [Modules] Checking for module updates at https://discord.com/api/modules/stable/versions.json
2024-03-09T15:24:46.791Z [Modules] No module updates available.
2024-03-09T15:24:46.967Z [Modules] Streaming discord_game_utils@1 to /home/pietroballarin/.config/discord/0.0.44/modules/pending/discord_game_utils-1.zip: 2%
2024-03-09T15:24:46.968Z [Modules] Streaming discord_game_utils@1 to /home/pietroballarin/.config/discord/0.0.44/modules/pending/discord_game_utils-1.zip: 4%
2024-03-09T15:24:46.968Z [Modules] Streaming discord_game_utils@1 to /home/pietroballarin/.config/discord/0.0.44/modules/pending/discord_game_utils-1.zip: 7%
2024-03-09T15:24:46.969Z [Modules] Streaming discord_game_utils@1 to /home/pietroballarin/.config/discord/0.0.44/modules/pending/discord_game_utils-1.zip: 9%
2024-03-09T15:24:46.969Z [Modules] Streaming discord_game_utils@1 to /home/pietroballarin/.config/discord/0.0.44/modules/pending/discord_game_utils-1.zip: 12%
2024-03-09T15:24:46.970Z [Modules] Streaming discord_game_utils@1 to /home/pietroballarin/.config/discord/0.0.44/modules/pending/discord_game_utils-1.zip: 14%
2024-03-09T15:24:46.971Z [Modules] Streaming discord_game_utils@1 to /home/pietroballarin/.config/discord/0.0.44/modules/pending/discord_game_utils-1.zip: 15%
2024-03-09T15:24:46.973Z [Modules] Streaming discord_game_utils@1 to /home/pietroballarin/.config/discord/0.0.44/modules/pending/discord_game_utils-1.zip: 18%
2024-03-09T15:24:46.974Z [Modules] Streaming discord_game_utils@1 to /home/pietroballarin/.config/discord/0.0.44/modules/pending/discord_game_utils-1.zip: 20%
2024-03-09T15:24:46.974Z [Modules] Streaming discord_game_utils@1 to /home/pietroballarin/.config/discord/0.0.44/modules/pending/discord_game_utils-1.zip: 23%
2024-03-09T15:24:46.975Z [Modules] Streaming discord_game_utils@1 to /home/pietroballarin/.config/discord/0.0.44/modules/pending/discord_game_utils-1.zip: 25%
2024-03-09T15:24:46.979Z [Modules] Streaming discord_game_utils@1 to /home/pietroballarin/.config/discord/0.0.44/modules/pending/discord_game_utils-1.zip: 28%
2024-03-09T15:24:46.980Z [Modules] Streaming discord_game_utils@1 to /home/pietroballarin/.config/discord/0.0.44/modules/pending/discord_game_utils-1.zip: 30%
2024-03-09T15:24:46.980Z [Modules] Streaming discord_game_utils@1 to /home/pietroballarin/.config/discord/0.0.44/modules/pending/discord_game_utils-1.zip: 33%
2024-03-09T15:24:46.981Z [Modules] Streaming discord_game_utils@1 to /home/pietroballarin/.config/discord/0.0.44/modules/pending/discord_game_utils-1.zip: 36%
2024-03-09T15:24:46.983Z [Modules] Streaming discord_game_utils@1 to /home/pietroballarin/.config/discord/0.0.44/modules/pending/discord_game_utils-1.zip: 38%
2024-03-09T15:24:46.984Z [Modules] Streaming discord_game_utils@1 to /home/pietroballarin/.config/discord/0.0.44/modules/pending/discord_game_utils-1.zip: 41%
2024-03-09T15:24:46.984Z [Modules] Streaming discord_game_utils@1 to /home/pietroballarin/.config/discord/0.0.44/modules/pending/discord_game_utils-1.zip: 43%
2024-03-09T15:24:46.986Z [Modules] Streaming discord_game_utils@1 to /home/pietroballarin/.config/discord/0.0.44/modules/pending/discord_game_utils-1.zip: 45%
2024-03-09T15:24:46.987Z [Modules] Streaming discord_game_utils@1 to /home/pietroballarin/.config/discord/0.0.44/modules/pending/discord_game_utils-1.zip: 47%
2024-03-09T15:24:46.988Z [Modules] Streaming discord_game_utils@1 to /home/pietroballarin/.config/discord/0.0.44/modules/pending/discord_game_utils-1.zip: 50%
2024-03-09T15:24:46.988Z [Modules] Streaming discord_game_utils@1 to /home/pietroballarin/.config/discord/0.0.44/modules/pending/discord_game_utils-1.zip: 53%
2024-03-09T15:24:46.989Z [Modules] Streaming discord_game_utils@1 to /home/pietroballarin/.config/discord/0.0.44/modules/pending/discord_game_utils-1.zip: 55%
2024-03-09T15:24:46.990Z [Modules] Streaming discord_game_utils@1 to /home/pietroballarin/.config/discord/0.0.44/modules/pending/discord_game_utils-1.zip: 56%
2024-03-09T15:24:46.995Z [Modules] Streaming discord_game_utils@1 to /home/pietroballarin/.config/discord/0.0.44/modules/pending/discord_game_utils-1.zip: 59%
2024-03-09T15:24:46.995Z [Modules] Streaming discord_game_utils@1 to /home/pietroballarin/.config/discord/0.0.44/modules/pending/discord_game_utils-1.zip: 62%
2024-03-09T15:24:46.996Z [Modules] Streaming discord_game_utils@1 to /home/pietroballarin/.config/discord/0.0.44/modules/pending/discord_game_utils-1.zip: 64%
2024-03-09T15:24:46.996Z [Modules] Streaming discord_game_utils@1 to /home/pietroballarin/.config/discord/0.0.44/modules/pending/discord_game_utils-1.zip: 67%
2024-03-09T15:24:46.997Z [Modules] Streaming discord_game_utils@1 to /home/pietroballarin/.config/discord/0.0.44/modules/pending/discord_game_utils-1.zip: 69%
2024-03-09T15:24:46.997Z [Modules] Streaming discord_game_utils@1 to /home/pietroballarin/.config/discord/0.0.44/modules/pending/discord_game_utils-1.zip: 72%
2024-03-09T15:24:46.998Z [Modules] Streaming discord_game_utils@1 to /home/pietroballarin/.config/discord/0.0.44/modules/pending/discord_game_utils-1.zip: 75%
2024-03-09T15:24:47.003Z [Modules] Streaming discord_game_utils@1 to /home/pietroballarin/.config/discord/0.0.44/modules/pending/discord_game_utils-1.zip: 77%
2024-03-09T15:24:47.003Z [Modules] Streaming discord_game_utils@1 to /home/pietroballarin/.config/discord/0.0.44/modules/pending/discord_game_utils-1.zip: 80%
2024-03-09T15:24:47.004Z [Modules] Streaming discord_game_utils@1 to /home/pietroballarin/.config/discord/0.0.44/modules/pending/discord_game_utils-1.zip: 82%
2024-03-09T15:24:47.004Z [Modules] Streaming discord_game_utils@1 to /home/pietroballarin/.config/discord/0.0.44/modules/pending/discord_game_utils-1.zip: 84%
2024-03-09T15:24:47.005Z [Modules] Streaming discord_game_utils@1 to /home/pietroballarin/.config/discord/0.0.44/modules/pending/discord_game_utils-1.zip: 86%
2024-03-09T15:24:47.006Z [Modules] Streaming discord_game_utils@1 to /home/pietroballarin/.config/discord/0.0.44/modules/pending/discord_game_utils-1.zip: 89%
2024-03-09T15:24:47.006Z [Modules] Streaming discord_game_utils@1 to /home/pietroballarin/.config/discord/0.0.44/modules/pending/discord_game_utils-1.zip: 91%
2024-03-09T15:24:47.007Z [Modules] Streaming discord_game_utils@1 to /home/pietroballarin/.config/discord/0.0.44/modules/pending/discord_game_utils-1.zip: 94%
2024-03-09T15:24:47.007Z [Modules] Streaming discord_game_utils@1 to /home/pietroballarin/.config/discord/0.0.44/modules/pending/discord_game_utils-1.zip: 97%
2024-03-09T15:24:47.008Z [Modules] Streaming discord_game_utils@1 to /home/pietroballarin/.config/discord/0.0.44/modules/pending/discord_game_utils-1.zip: 99%
2024-03-09T15:24:47.008Z [Modules] Streaming discord_game_utils@1 to /home/pietroballarin/.config/discord/0.0.44/modules/pending/discord_game_utils-1.zip: 100%
2024-03-09T15:24:47.009Z [Modules] Fetching discord_rpc@1 from https://discord.com/api/modules/stable/discord_rpc/1
2024-03-09T15:24:47.009Z [Modules] Streaming discord_rpc@1 to /home/pietroballarin/.config/discord/0.0.44/modules/pending/discord_rpc-1.zip
2024-03-09T15:24:47.187Z [Modules] Installing discord_game_utils@1 from /home/pietroballarin/.config/discord/0.0.44/modules/pending/discord_game_utils-1.zip
2024-03-09T15:24:47.194Z [Modules] Streaming discord_rpc@1 to /home/pietroballarin/.config/discord/0.0.44/modules/pending/discord_rpc-1.zip: 100%
2024-03-09T15:24:47.195Z [Modules] Finished module downloads. [success: 3] [failure: 0]
2024-03-09T15:24:47.251Z [Modules] Installing discord_rpc@1 from /home/pietroballarin/.config/discord/0.0.44/modules/pending/discord_rpc-1.zip
2024-03-09T15:24:47.262Z [Modules] Finished module installations. [success: 3] [failure: 0]
2024-03-09T16:24:46.637Z [Modules] Checking for host updates.
2024-03-09T16:24:46.821Z [Modules] Host is up to date.
2024-03-09T16:24:46.821Z [Modules] Checking for module updates at https://discord.com/api/modules/stable/versions.json
2024-03-09T16:24:46.855Z [Modules] No module updates available.
2024-03-09T17:24:46.633Z [Modules] Checking for host updates.
2024-03-09T17:24:46.830Z [Modules] Host is up to date.
2024-03-09T17:24:46.830Z [Modules] Checking for module updates at https://discord.com/api/modules/stable/versions.json
2024-03-09T17:24:46.866Z [Modules] No module updates available.
2024-03-09T18:24:46.635Z [Modules] Checking for host updates.
2024-03-09T18:24:46.836Z [Modules] Host is up to date.
2024-03-09T18:24:46.837Z [Modules] Checking for module updates at https://discord.com/api/modules/stable/versions.json
2024-03-09T18:24:46.884Z [Modules] No module updates available.
2024-03-09T19:24:46.634Z [Modules] Checking for host updates.
2024-03-09T19:24:46.810Z [Modules] Host is up to date.
2024-03-09T19:24:46.811Z [Modules] Checking for module updates at https://discord.com/api/modules/stable/versions.json
2024-03-09T19:24:46.842Z [Modules] No module updates available.
2024-03-09T20:24:46.633Z [Modules] Checking for host updates.
2024-03-09T20:24:46.881Z [Modules] Host is up to date.
2024-03-09T20:24:46.881Z [Modules] Checking for module updates at https://discord.com/api/modules/stable/versions.json
2024-03-09T20:24:46.966Z [Modules] No module updates available.
2024-03-09T21:24:46.634Z [Modules] Checking for host updates.
2024-03-09T21:24:46.813Z [Modules] Host is up to date.
2024-03-09T21:24:46.813Z [Modules] Checking for module updates at https://discord.com/api/modules/stable/versions.json
2024-03-09T21:24:46.838Z [Modules] No module updates available.
2024-03-09T22:24:46.634Z [Modules] Checking for host updates.
2024-03-09T22:24:46.819Z [Modules] Host is up to date.
2024-03-09T22:24:46.819Z [Modules] Checking for module updates at https://discord.com/api/modules/stable/versions.json
2024-03-09T22:24:46.849Z [Modules] No module updates available.
2024-03-09T23:24:46.633Z [Modules] Checking for host updates.
2024-03-09T23:24:46.806Z [Modules] Host is up to date.
2024-03-09T23:24:46.806Z [Modules] Checking for module updates at https://discord.com/api/modules/stable/versions.json
2024-03-09T23:24:46.835Z [Modules] No module updates available.
2024-03-10T00:24:46.634Z [Modules] Checking for host updates.
2024-03-10T00:24:46.814Z [Modules] Host is up to date.
2024-03-10T00:24:46.814Z [Modules] Checking for module updates at https://discord.com/api/modules/stable/versions.json
2024-03-10T00:24:46.843Z [Modules] No module updates available.
2024-03-10T12:58:40.927Z [Modules] Modules initializing
2024-03-10T12:58:40.927Z [Modules] Distribution: remote
2024-03-10T12:58:40.927Z [Modules] Host updates: enabled
2024-03-10T12:58:40.927Z [Modules] Module updates: enabled
2024-03-10T12:58:40.927Z [Modules] Module install path: /home/pietroballarin/.config/discord/0.0.44/modules
2024-03-10T12:58:40.927Z [Modules] Module installed file path: /home/pietroballarin/.config/discord/0.0.44/modules/installed.json
2024-03-10T12:58:40.928Z [Modules] Module download path: /home/pietroballarin/.config/discord/0.0.44/modules/pending
2024-03-10T12:58:41.171Z [Modules] No updates to install
2024-03-10T12:58:41.172Z [Modules] Checking for host updates.
2024-03-10T12:58:41.426Z [Modules] Host is up to date.
2024-03-10T12:58:41.427Z [Modules] Checking for module updates at https://discord.com/api/modules/stable/versions.json
2024-03-10T12:58:41.471Z [Modules] No module updates available.
2024-03-10T12:58:43.655Z [Modules] Checking for host updates.
2024-03-10T12:58:43.813Z [Modules] Host is up to date.
2024-03-10T12:58:43.813Z [Modules] Checking for module updates at https://discord.com/api/modules/stable/versions.json
2024-03-10T12:58:43.816Z [Modules] No module updates available.
