2024-03-09T15:24:40.642Z 0: 

----------------------------------------------
2024-03-09T15:24:40.657Z 1: Discord starting: {"releaseChannel":"stable","version":"0.0.44"}, modulepath: /home/pietroballarin/.config/discord/0.0.44/modules
2024-03-09T15:24:40.662Z 2: ✅ webContents.created web1 ""
2024-03-09T15:24:40.666Z 3: ✅ window.created win1 "discord"
2024-03-09T15:24:40.935Z 4: ✅ webContents.did-finish-load web1
2024-03-09T15:24:44.649Z 5: ✅ webContents.created web2 ""
2024-03-09T15:24:44.658Z 6: ✅ window.created win2 "Discord"
2024-03-09T15:24:46.256Z 7: ✅ webContents.did-finish-load web2
2024-03-09T15:24:46.356Z 8: window.close win1
2024-03-09T15:24:46.365Z 9: webContents.destroyed web1
2024-03-09T15:24:46.368Z 10: window.closed win1
2024-03-09T16:16:07.261Z 11: window.close win2
2024-03-09T16:16:18.843Z 0: 

----------------------------------------------
2024-03-09T16:16:18.863Z 1: Discord starting: {"releaseChannel":"stable","version":"0.0.44"}, modulepath: /home/pietroballarin/.config/discord/0.0.44/modules
2024-03-09T20:58:27.238Z 12: window.close win2
2024-03-10T12:58:40.953Z 0: 

----------------------------------------------
2024-03-10T12:58:40.974Z 1: Discord starting: {"releaseChannel":"stable","version":"0.0.44"}, modulepath: /home/pietroballarin/.config/discord/0.0.44/modules
2024-03-10T12:58:40.978Z 2: ✅ webContents.created web1 ""
2024-03-10T12:58:40.982Z 3: ✅ window.created win1 "discord"
2024-03-10T12:58:41.286Z 4: ✅ webContents.did-finish-load web1
2024-03-10T12:58:41.566Z 5: ✅ webContents.created web2 ""
2024-03-10T12:58:41.572Z 6: ✅ window.created win2 "Discord"
2024-03-10T12:58:43.831Z 7: ✅ webContents.did-finish-load web2
2024-03-10T12:58:43.932Z 8: window.close win1
2024-03-10T12:58:43.939Z 9: webContents.destroyed web1
2024-03-10T12:58:43.942Z 10: window.closed win1
