[101279][1710006594571][main][info]["Booting Postman 10.23.9, linux-6.7.9-arch1-1 on x64"]
[101279][1710006594574][main][info]["EventBus~initialize - Success"]
[101279][1710006594576][main][info]["Proxy configuration has not been setup"]
[101279][1710006594577][main][info]["CloudProxyManager~init - Success"]
[101279][1710006594583][main][info]["performShellDataMigration: Starting shell data migration"]
[101279][1710006594584][main][info]["migrateShellData:Starting"]
[101279][1710006594596][main][info]["migrateShellData: Old storage cleaned up"]
[101279][1710006594737][main][info]["migrateShellData: Got data from shell. Writing to storage"]
[101279][1710006594744][main][info]["performShellDataMigration: Migration successful on try count 1"]
[101279][1710006594749][main][info]["UpdateHandler~init - Success"]
[101279][1710006594751][main][info]["LeaderSelection: Initialized successfully"]
[101279][1710006594752][main][info]["VersionDependencyService: Initialized successfully"]
[101279][1710006594760][main][info]["Generated root certificate for linux"]
[101279][1710006594762][main][info]["LinuxAutoUpdater~Cleanup - Initial cleanup successful"]
[101279][1710006594781][main][info]["GPU detected VID 4318 DID 7810 ACTIVE true"]
[101279][1710006594817][main][info]["shellController~init: Success"]
[101279][1710006594826][main][info]["shellMeta~init: Success"]
[101279][1710006594826][main][info]["partitionMigrationService: State of V7 partition:"]
[101279][1710006594826][main][info]["partitionMigrationService: V7 partitions",[]]
[101279][1710006594826][main][info]["partitionMigrationService~rectifyNamespaceOfScratchPadPartition: There is no partition with scratchpad namespace"]
[101279][1710006594827][main][info]["partitionMigrationService~rectifyNamespaceOfScratchPadPartition: There is no transit partition which could have been used for scratchpad"]
[101279][1710006594827][main][info]["partitionMigrationService~init: Success"]
[101279][1710006594839][main][info]["partitionMigrationService~runV8PartitionsIntegrity: Two way migration~ removing the following partitions from v8",[]]
[101279][1710006594843][main][info]["userPartitionService~_rectifyTheActivePartitionOfApplication: Setting the active partition to ",null]
[101279][1710006594846][main][info]["proxyCertificateService~ensureRootCAPresence: Deleting and creating new certificates"]
[101279][1710006594855][main][info]["userPartitionService~init: Success"]
[101279][1710006594892][main][info]["userPartitionService: State of v8 partition system:"]
[101279][1710006594904][main][info]["shell~init~getPartitionToLoad: loading scratchpad partition"]
[101279][1710006594908][main][info]["userPartitionService: List of partitions:",[]]
[101279][1710006594909][main][info]["userPartitionService: users global meta:",{}]
[101279][1710006596570][main][info]["RuntimeIPCAgent~started: Success"]
[101279][1710006597148][main][info]["Main~scratchpadThemeAction:: action: set, value: dark"]
[101279][1710006597150][main][info]["Main~scratchpadThemeAction:: action: set, value: dark"]
[101279][1710006597151][main][info]["Main~scratchpadThemeAction:: action: set, value: dark"]
[101279][1710006597170][main][info]["UpdateHandler~app-update-events - Received event",{"name":"checkForElectronVersionUpdated","namespace":"appUpdate"}]
[101279][1710006597177][main][info]["windowManager: First requester booted successfully."]
[101279][1710006597177][main][info]["windowManager~restoreWindows: Restoring requester windows"]
[101279][1710006597177][main][info]["Main~AppEvents - Received booted event for process requester.Version undefined UI Version: undefined Desktop Platform Version: 10.23.9"]
[101279][1710006599421][main][info]["VersionDependencyService: Resetting UI version as user logged out/switched account"]
[101279][1710006599421][main][info]["Main - model-events~user - (users, add) received"]
[101279][1710006599741][main][warn]["AuthHandler~open: Current app is not default protocol client - Falling back to polling mechanism."]
[101279][1710006628589][main][info]["Shell~init~loginUser: associating the user ","14090275"," with transit partition"]
[101279][1710006628590][main][info]["userPartitionService~getNewPartitionId: creating a partition with userId and teamId as 0"]
[101279][1710006628613][main][info]["userPartitionService~associateTransitPartition: ",{"partitionId":"c3f768f6-681b-40e6-b92c-ae32766d6b96","context":{"namespace":"users","userId":"14090275","teamId":"4663243"}}]
[101279][1710006628629][main][info]["userPartitionService: State of v8 partition system:"]
[101279][1710006628634][main][info]["userPartitionService: List of partitions:",[{"partitionId":"c3f768f6-681b-40e6-b92c-ae32766d6b96","namespace":"users","userId":"14090275","teamId":"4663243","lastUpdated":"2024-03-09T17:50:28.613Z"},{"partitionId":"456fddfa-65ce-46fd-9bb7-50675107cfe1","namespace":"scratchPad","userId":0,"teamId":0,"isDirty":false}]]
[101279][1710006628634][main][info]["userPartitionService: users global meta:",{}]
[101279][1710006632014][main][info]["Main~getRemoteInitPath:: "]
[101279][1710006632223][main][info]["Main - model-events~user - (user, update) received"]
[101279][1710006632224][main][info]["Main~reload: https://desktop.postman.com/?desktopVersion=10.23.9&userId=14090275&teamId=4663243"]
[101279][1710006634178][main][info]["Main~getRemoteInitPath:: "]
[101279][1710006634504][main][info]["Main - model-events~user - (user, update) received"]
[101279][1710006634769][main][info]["UpdateHandler~app-update-events - Received event",{"name":"checkForElectronVersionUpdated","namespace":"appUpdate"}]
[101279][1710006634785][main][info]["windowManager: First requester booted successfully."]
[101279][1710006634785][main][info]["windowManager~restoreWindows: Restoring requester windows"]
[101279][1710006634785][main][info]["Main~AppEvents - Received booted event for process requester.Version 10.23.12 UI Version: 10.23.12-ui-240308-0814 Desktop Platform Version: 10.23.9"]
[101279][1710006634894][main][info]["Main~getRemoteInitPath:: "]
[101279][1710006635318][main][info]["INTERCEPTOR CONNECTIVITY: Attempting to start websocket server on port 15611"]
[101279][1710006635951][main][info]["Main~getPlatformLaunchPerfMetrics"]
[101279][1710006636001][main][error]["Error while retrieving user key from keychain",{"name":"Error","message":"The name is not activatable","stack":"Error: The name is not activatable"}]
[101279][1710006636211][main][info]["Main - model-events~user - (user, bootstrapUser) received"]
[101279][1710006636211][main][info]["model-events~user - bootstrapUser received"]
[101279][1710006636220][main][info]["Main - model-events~user - (user, bootstrapUser) received"]
[101279][1710006636220][main][info]["model-events~user - bootstrapUser received"]
[101279][1710007569274][main][info]["WindowManager~closeHandler - Closed Window (id: 4 )"]
[101279][1710007569288][main][error]["Main~handleUncaughtError - Uncaught errors",{"name":"TypeError","message":"Cannot read properties of undefined (reading 'send')","stack":"TypeError: Cannot read properties of undefined (reading 'send')\n    at Object.sendMessageToInterceptor (/opt/postman/app/resources/app/services/websocketServer.js:144:10)\n    at Object.requesterWindowHandler (/opt/postman/app/resources/app/services/websocketServer.js:389:14)\n    at EventEmitter.emit (node:events:539:35)\n    at EventEmitter.emit (node:domain:475:12)\n    at _dispatch (/opt/postman/app/resources/app/common/_event-bus.js:256:14)\n    at EventBus._publish (/opt/postman/app/resources/app/common/_event-bus.js:207:9)\n    at Object.closedHandler (/opt/postman/app/resources/app/services/windowManager.js:1078:18)\n    at BrowserWindow.emit (node:events:527:28)\n    at BrowserWindow.emit (node:domain:475:12)"}]
[112778][1710007839522][main][info]["Booting Postman 9.31.0, linux-6.7.9-arch1-1 on x64"]
[112778][1710007839524][main][info]["EventBus~initialize - Success"]
[112778][1710007839526][main][info]["Proxy configuration has not been setup"]
[112778][1710007839526][main][info]["CloudProxyManager~init - Success"]
[112778][1710007839533][main][info]["UpdateHandler~init - Success"]
[112778][1710007839535][main][info]["LeaderSelection: Initialized successfully"]
[112778][1710007839536][main][info]["VersionDependencyService: Initialized successfully"]
[112778][1710007839542][main][info]["LinuxAutoUpdater~Cleanup - Initial cleanup successful"]
[112778][1710007839552][main][info]["GPU detected VID 4318 DID 7810 ACTIVE true"]
[112778][1710007840105][main][info]["RuntimeIPCAgent~started: Success"]
[112778][1710007841745][main][info]["UpdateHandler~app-update-events - Received event",{"name":"checkForElectronVersionUpdated","namespace":"appUpdate"}]
[112778][1710007841747][main][info]["@postman/app-updater: version Updated","10.23.9","9.31.0"]
[112778][1710007841748][main][info]["UpdateHandler~app-update-events - Received event",{"name":"electronVersionUpdated","namespace":"appUpdate","data":{"lastKnownVersion":"10.23.9","currentVersion":"9.31.0"}}]
[112778][1710007841757][main][info]["windowManager: First requester booted successfully."]
[112778][1710007841757][main][info]["windowManager~restoreWindows: Restoring requester windows"]
[112778][1710007841757][main][info]["Main~AppEvents - Received booted event for process requester.Version undefined UI Version: undefined Desktop Platform Version: 9.31.0"]
[112778][1710007859503][main][info]["WindowManager~closeHandler - Closed Window (id: 1 )"]
[112778][1710007859535][main][info]["Quitting app"]
[119156][1710008138176][main][info]["Booting Postman 10.23.9, linux-6.7.9-arch1-1 on x64"]
[119156][1710008138179][main][info]["EventBus~initialize - Success"]
[119156][1710008138180][main][info]["Proxy configuration has not been setup"]
[119156][1710008138181][main][info]["CloudProxyManager~init - Success"]
[119156][1710008138195][main][info]["performShellDataMigration: Migration has already been done. Bailing out"]
[119156][1710008138201][main][info]["UpdateHandler~init - Success"]
[119156][1710008138202][main][info]["LeaderSelection: Initialized successfully"]
[119156][1710008138203][main][info]["VersionDependencyService: Initialized successfully"]
[119156][1710008138208][main][info]["LinuxAutoUpdater~Cleanup - Initial cleanup successful"]
[119156][1710008138225][main][info]["GPU detected VID 4318 DID 7810 ACTIVE true"]
[119156][1710008138250][main][info]["shellController~init: Success"]
[119156][1710008138254][main][info]["shellMeta~init: Success"]
[119156][1710008138254][main][info]["partitionMigrationService: State of V7 partition:"]
[119156][1710008138254][main][info]["partitionMigrationService: V7 partitions",[]]
[119156][1710008138255][main][info]["partitionMigrationService~rectifyNamespaceOfScratchPadPartition: There is no partition with scratchpad namespace"]
[119156][1710008138255][main][info]["partitionMigrationService~rectifyNamespaceOfScratchPadPartition: There is no transit partition which could have been used for scratchpad"]
[119156][1710008138255][main][info]["partitionMigrationService~init: Success"]
[119156][1710008138262][main][info]["partitionMigrationService~runV8PartitionsIntegrity: Two way migration~ removing the following partitions from v8",[]]
[119156][1710008138264][main][info]["userPartitionService~_rectifyTheActivePartitionOfApplication: Setting the active partition to ",null]
[119156][1710008138272][main][info]["userPartitionService~init: Success"]
[119156][1710008138292][main][info]["userPartitionService: State of v8 partition system:"]
[119156][1710008138294][main][info]["shell~init~getPartitionToLoad: loading scratchpad partition"]
[119156][1710008138299][main][info]["userPartitionService: List of partitions:",[]]
[119156][1710008138299][main][info]["userPartitionService: users global meta:",{}]
[119156][1710008140050][main][info]["RuntimeIPCAgent~started: Success"]
[119156][1710008140552][main][info]["Main~scratchpadThemeAction:: action: set, value: dark"]
[119156][1710008140554][main][info]["Main~scratchpadThemeAction:: action: set, value: dark"]
[119156][1710008140559][main][info]["Main~scratchpadThemeAction:: action: set, value: dark"]
[119156][1710008140576][main][info]["UpdateHandler~app-update-events - Received event",{"name":"checkForElectronVersionUpdated","namespace":"appUpdate"}]
[119156][1710008140578][main][info]["@postman/app-updater: version Updated","9.31.0","10.23.9"]
[119156][1710008140578][main][info]["UpdateHandler~app-update-events - Received event",{"name":"electronVersionUpdated","namespace":"appUpdate","data":{"lastKnownVersion":"9.31.0","currentVersion":"10.23.9"}}]
[119156][1710008140588][main][info]["windowManager: First requester booted successfully."]
[119156][1710008140588][main][info]["windowManager~restoreWindows: Restoring requester windows"]
[119156][1710008140588][main][info]["Main~AppEvents - Received booted event for process requester.Version undefined UI Version: undefined Desktop Platform Version: 10.23.9"]
[119156][1710008149349][main][info]["VersionDependencyService: Resetting UI version as user logged out/switched account"]
[119156][1710008149350][main][info]["Main - model-events~user - (users, add) received"]
[119156][1710008149691][main][warn]["AuthHandler~open: Current app is not default protocol client - Falling back to polling mechanism."]
[119156][1710008160025][main][info]["Shell~init~loginUser: associating the user ","14090275"," with transit partition"]
[119156][1710008160025][main][info]["userPartitionService~getNewPartitionId: creating a partition with userId and teamId as 0"]
[119156][1710008160080][main][info]["userPartitionService~associateTransitPartition: ",{"partitionId":"f4a67c8e-a494-4bf5-94ba-533fb6f13a8e","context":{"namespace":"users","userId":"14090275","teamId":"4663243"}}]
[119156][1710008160108][main][info]["userPartitionService: State of v8 partition system:"]
[119156][1710008160113][main][info]["userPartitionService: List of partitions:",[{"partitionId":"f4a67c8e-a494-4bf5-94ba-533fb6f13a8e","namespace":"users","userId":"14090275","teamId":"4663243","lastUpdated":"2024-03-09T18:16:00.080Z"},{"partitionId":"a3cc8f47-69f8-4c6e-9b39-eb0d852d6755","namespace":"scratchPad","userId":0,"teamId":0,"isDirty":false}]]
[119156][1710008160113][main][info]["userPartitionService: users global meta:",{}]
[119156][1710008163582][main][info]["Main~getRemoteInitPath:: "]
[119156][1710008163776][main][info]["Main - model-events~user - (user, update) received"]
[119156][1710008163777][main][info]["Main~reload: https://desktop.postman.com/?desktopVersion=10.23.9&userId=14090275&teamId=4663243"]
[119156][1710008164051][main][info]["UpdateHandler~app-update-events - Received event",{"name":"checkForElectronVersionUpdated","namespace":"appUpdate"}]
[119156][1710008164061][main][info]["windowManager: First requester booted successfully."]
[119156][1710008164062][main][info]["windowManager~restoreWindows: Restoring requester windows"]
[119156][1710008164062][main][info]["Main~AppEvents - Received booted event for process requester.Version 10.23.12 UI Version: 10.23.12-ui-240308-0814 Desktop Platform Version: 10.23.9"]
[119156][1710008164163][main][info]["Main~getRemoteInitPath:: "]
[119156][1710008166119][main][info]["Main~getRemoteInitPath:: "]
[119156][1710008166454][main][info]["Main - model-events~user - (user, update) received"]
[119156][1710008166714][main][info]["UpdateHandler~app-update-events - Received event",{"name":"checkForElectronVersionUpdated","namespace":"appUpdate"}]
[119156][1710008166722][main][info]["Main~AppEvents - Received booted event for process requester.Version 10.23.12 UI Version: 10.23.12-ui-240308-0814 Desktop Platform Version: 10.23.9"]
[119156][1710008166785][main][info]["Main~getRemoteInitPath:: "]
[119156][1710008166863][main][info]["INTERCEPTOR CONNECTIVITY: Attempting to start websocket server on port 15611"]
[119156][1710008167370][main][info]["Main~getPlatformLaunchPerfMetrics"]
[119156][1710008167859][main][error]["Error while retrieving user key from keychain",{"name":"Error","message":"The name is not activatable","stack":"Error: The name is not activatable"}]
[119156][1710008168104][main][info]["Main - model-events~user - (user, bootstrapUser) received"]
[119156][1710008168105][main][info]["model-events~user - bootstrapUser received"]
[119156][1710008168248][main][info]["Main - model-events~user - (user, bootstrapUser) received"]
[119156][1710008168248][main][info]["model-events~user - bootstrapUser received"]
[119156][1710008173476][main][info]["GPU detected VID 4318 DID 7810 ACTIVE true"]
[119156][1710008175699][main][info]["Setting disableGPU to true"]
[119884][1710008176390][main][info]["Booting Postman 10.23.9, linux-6.7.9-arch1-1 on x64"]
[119884][1710008176393][main][info]["EventBus~initialize - Success"]
[119884][1710008176395][main][info]["Proxy configuration has not been setup"]
[119884][1710008176396][main][info]["CloudProxyManager~init - Success"]
[119884][1710008176413][main][info]["performShellDataMigration: Migration has already been done. Bailing out"]
[119884][1710008176420][main][info]["UpdateHandler~init - Success"]
[119884][1710008176421][main][info]["LeaderSelection: Initialized successfully"]
[119884][1710008176422][main][info]["VersionDependencyService: Initialized successfully"]
[119884][1710008176426][main][info]["LinuxAutoUpdater~Cleanup - Initial cleanup successful"]
[119884][1710008176463][main][info]["shellController~init: Success"]
[119884][1710008176467][main][info]["shellMeta~init: Success"]
[119884][1710008176467][main][info]["partitionMigrationService: State of V7 partition:"]
[119884][1710008176468][main][info]["partitionMigrationService: V7 partitions",[]]
[119884][1710008176468][main][info]["partitionMigrationService~rectifyNamespaceOfScratchPadPartition: There is no partition with scratchpad namespace"]
[119884][1710008176468][main][info]["partitionMigrationService~rectifyNamespaceOfScratchPadPartition: There is no transit partition which could have been used for scratchpad"]
[119884][1710008176468][main][info]["partitionMigrationService~init: Success"]
[119884][1710008176478][main][info]["partitionMigrationService~runV8PartitionsIntegrity: Two way migration~ removing the following partitions from v8",[]]
[119884][1710008176482][main][info]["userPartitionService~getRecentV8UserPartition: recent v8 user context partition ","f4a67c8e-a494-4bf5-94ba-533fb6f13a8e"]
[119884][1710008176482][main][info]["userPartitionService~_rectifyTheActivePartitionOfApplication: Setting the active partition to ","f4a67c8e-a494-4bf5-94ba-533fb6f13a8e"]
[119884][1710008176491][main][info]["userPartitionService~init: Success"]
[119884][1710008176512][main][info]["userPartitionService: State of v8 partition system:"]
[119884][1710008176517][main][info]["shell~init~getPartitionToLoad: loading active partition"]
[119884][1710008176520][main][info]["userPartitionService: List of partitions:",[{"partitionId":"f4a67c8e-a494-4bf5-94ba-533fb6f13a8e","namespace":"users","userId":"14090275","teamId":"4663243","lastUpdated":"2024-03-09T18:16:00.080Z"},{"partitionId":"a3cc8f47-69f8-4c6e-9b39-eb0d852d6755","namespace":"scratchPad","userId":0,"teamId":0,"isDirty":false}]]
[119884][1710008176521][main][info]["userPartitionService: users global meta:",{}]
[119884][1710008177224][main][info]["RuntimeIPCAgent~started: Success"]
[119884][1710008178615][main][info]["Main~getRemoteInitPath:: "]
[119884][1710008178862][main][info]["UpdateHandler~app-update-events - Received event",{"name":"checkForElectronVersionUpdated","namespace":"appUpdate"}]
[119884][1710008178876][main][info]["windowManager: First requester booted successfully."]
[119884][1710008178876][main][info]["windowManager~restoreWindows: Restoring requester windows"]
[119884][1710008178877][main][info]["Main~AppEvents - Received booted event for process requester.Version 10.23.12 UI Version: 10.23.12-ui-240308-0814 Desktop Platform Version: 10.23.9"]
[119884][1710008178976][main][info]["Main~getRemoteInitPath:: "]
[119884][1710008179424][main][info]["INTERCEPTOR CONNECTIVITY: Attempting to start websocket server on port 15611"]
[119884][1710008180167][main][info]["Main~getPlatformLaunchPerfMetrics"]
[119884][1710008180168][main][error]["Main~IPC-getHardwareMetrics - Failed to get hardware metrics.",{"name":"Error","message":"GPU access not allowed. Reason: GPU access is disabled through commandline switch --disable-gpu.","stack":"Error: GPU access not allowed. Reason: GPU access is disabled through commandline switch --disable-gpu.\n    at /opt/postman/app/resources/app/main.js:747:35\n    at node:electron/js2c/browser_init:189:579\n    at EventEmitter.<anonymous> (node:electron/js2c/browser_init:161:11433)\n    at EventEmitter.emit (node:events:527:28)\n    at EventEmitter.emit (node:domain:475:12)"}]
[119884][1710008180488][main][error]["Error while retrieving user key from keychain",{"name":"Error","message":"The name is not activatable","stack":"Error: The name is not activatable"}]
[119884][1710008180529][main][info]["Main - model-events~user - (user, bootstrapUser) received"]
[119884][1710008180529][main][info]["model-events~user - bootstrapUser received"]
[119884][1710008180541][main][info]["userPartitionService~associateTransitPartition: ",{"partitionId":"f4a67c8e-a494-4bf5-94ba-533fb6f13a8e","context":{"namespace":"users","userId":"14090275","teamId":"4663243"}}]
[119884][1710008180562][main][info]["userPartitionService: State of v8 partition system:"]
[119884][1710008180566][main][info]["userPartitionService: List of partitions:",[{"partitionId":"f4a67c8e-a494-4bf5-94ba-533fb6f13a8e","namespace":"users","userId":"14090275","teamId":"4663243","lastUpdated":"2024-03-09T18:16:20.541Z"},{"partitionId":"a3cc8f47-69f8-4c6e-9b39-eb0d852d6755","namespace":"scratchPad","userId":0,"teamId":0,"isDirty":false}]]
[119884][1710008180566][main][info]["userPartitionService: users global meta:",{}]
