[112778][1710007839788][shell][info]["EventBus~initialize - Success"]
[112778][1710007839793][shell][info]["bootShellCrashReporter~ Success"]
[112778][1710007840107][shell][info]["shellController~init: Success"]
[112778][1710007840107][shell][info]["shellMeta~init: Success"]
[112778][1710007840108][shell][info]["partitionMigrationService: State of V7 partition:"]
[112778][1710007840108][shell][info]["partitionMigrationService: V7 partitions",[]]
[112778][1710007840108][shell][info]["partitionMigrationService: V7 lastActiveUser",null]
[112778][1710007840108][shell][info]["partitionMigrationService: V7 activePartition",null]
[112778][1710007840109][shell][info]["partitionMigrationService: V7 isPartitionDirty",null]
[112778][1710007840109][shell][info]["partitionMigrationService~rectifyNamespaceOfScratchPadPartition: There is no partition with scratchpad namespace"]
[112778][1710007840109][shell][info]["partitionMigrationService~rectifyNamespaceOfScratchPadPartition: There is no transit partition which could have been used for scratchpad"]
[112778][1710007840109][shell][info]["partitionMigrationService~init: Success"]
[112778][1710007840110][shell][info]["partitionMigrationService~runV8PartitionsIntegrity: Two way migration~ removing the following partitions from v8",[]]
[112778][1710007840110][shell][info]["userPartitionService~_rectifyTheActivePartitionOfApplication: Setting the active partition to ",null]
[112778][1710007840110][shell][info]["userPartitionService~init: Success"]
[112778][1710007840111][shell][info]["userPartitionService: State of v8 partition system:"]
[112778][1710007840111][shell][info]["userPartitionService: List of partitions:",[]]
[112778][1710007840111][shell][info]["userPartitionService: users global meta:",{"activePartition":null}]
[112778][1710007840111][shell][info]["shell~init~getPartitionToLoad: loading scratchpad partition"]
[112778][1710007840113][shell][info]["init~setViewAttributes - Initializing view with opts:"]
[112778][1710007840114][shell][info]["verifyPartitionIdWithMain: Verifying partition ID from main process"]
[112778][1710007840114][shell][info]["Shell~init~setViewAttributes: passing scratchpad partition id as ","a3cc8f47-69f8-4c6e-9b39-eb0d852d6755"]
[112778][1710007840114][shell][info]["Shell~init~setViewAttributes: do we have any logged in users? ",false]
[112778][1710007840115][shell][info]["init~setViewAttributes - Success"]
[112778][1710007840201][shell][warn]["verifyPartitionIdWithMain: ID was not resolved correctly by main","persist:c3f768f6-681b-40e6-b92c-ae32766d6b96","persist:a3cc8f47-69f8-4c6e-9b39-eb0d852d6755"]
[112778][1710007841757][shell][info]["Shell~init~sendUsersDataToRenderer",[]]
